0 [139684133178304] INFO perfrun.launcher <> - Launcher main begin
1 [139684133178304] INFO perfrun.launcher <> - MessageCatalogInit finished
1 [139684133178304] INFO perfrun.launcher <> - Launcher instance created
1 [139684133178304] INFO perfrun.launcher <> - argc = 7; cmdline = /opt/intel/oneapi/vtune/2025.0/bin64/amplxe-runss --ui-output-format xml --ui-output-fd 5 --option-file /home/yigit/Documents/CS535_Multicore_Programming_Fall2024-25/multicore_project/vtune_results/matmul_naive_parallel_N2048_T8_threading/config/runss.options 
24 [139684133178304] INFO perfrun.perfcollector <> - SEP tool path: /opt/intel/oneapi/vtune/2025.0/bin64/sep
27 [139684133178304] INFO perfrun.launcher <> - create msngr2::ICliToolContext
28 [139684133178304] INFO perfrun.launcher <> - create file finder object
28 [139684133178304] INFO perfrun.launcher <> - create a result directory: pattern = /home/yigit/Documents/CS535_Multicore_Programming_Fall2024-25/multicore_project/vtune_results/matmul_naive_parallel_N2048_T8_threading pid = 4294967295
28 [139684133178304] INFO perfrun.sdk <> - checked that the directory /home/yigit/Documents/CS535_Multicore_Programming_Fall2024-25/multicore_project/vtune_results/matmul_naive_parallel_N2048_T8_threading is a local directory
28 [139684133178304] INFO perfrun.sdk <> - the directory /home/yigit/Documents/CS535_Multicore_Programming_Fall2024-25/multicore_project/vtune_results/matmul_naive_parallel_N2048_T8_threading is a local directory with FS type ID 2435016766
28 [139684133178304] INFO perfrun.launcher <> - create data directory = /home/yigit/Documents/CS535_Multicore_Programming_Fall2024-25/multicore_project/vtune_results/matmul_naive_parallel_N2048_T8_threading/data.0
28 [139684133178304] INFO perfrun.launcher <> - Creating the master collection flag
34 [139684133178304] INFO perfrun.launcher <> - Done creating the master collection flag
35 [139683977750208] INFO perfrun.launcher <> - plugin [remoteplug] was disabled because it doesn't support the given collection type.
35 [139683977750208] INFO perfrun.sdk <> - Allocating TMU :/home/yigit/Documents/CS535_Multicore_Programming_Fall2024-25/multicore_project/vtune_results/matmul_naive_parallel_N2048_T8_threading/data.0/systemcollector-9591-fedora.sc
35 [139683977750208] INFO perfrun.system <> - Tpss based collection
35 [139683977750208] INFO perfrun.launcher <> - plugin [ptracecollector] was disabled because it doesn't support the given collection type.
35 [139683977750208] INFO perfrun.launcher <> - plugin [gpu] was disabled because it doesn't support the given collection type.
35 [139683977750208] INFO perfrun.launcher <> - plugin [] was disabled because it doesn't support the given collection type.
35 [139683977750208] INFO perfrun.launcher <> - plugin [] was disabled because it doesn't support the given collection type.
35 [139683977750208] INFO perfrun.launcher <> - plugin [] was disabled because it doesn't support the given collection type.
35 [139683977750208] INFO perfrun.mrte <> - system-wide mode is 0
35 [139683977750208] INFO perfrun.mrte <> - Getting  mrte profiling environment ...
39 [139683977750208] INFO perfrun.mrte <> - INTEL_MRTE_DATA_DIR=/home/yigit/Documents/CS535_Multicore_Programming_Fall2024-25/multicore_project/vtune_results/matmul_naive_parallel_N2048_T8_threading/data.0
39 [139683977750208] INFO perfrun.mrte <> - INTEL_MRTE_HOST_NAME=fedora
39 [139683977750208] INFO perfrun.mrte <> - JAVA_TOOL_OPTIONS=-agentlib:amplxe_samplingmrte_javaprof_1.0 -Dsun.boot.library.path=/opt/intel/oneapi/vtune/2025.0/lib32/runtime:/opt/intel/oneapi/vtune/2025.0/lib64/runtime
39 [139683977750208] INFO perfrun.mrte <> - LD_LIBRARY_PATH=/opt/intel/oneapi/vtune/2025.0/lib32/runtime:/opt/intel/oneapi/vtune/2025.0/lib64/runtime:/usr/local/lib:/usr/lib:/usr/local/lib:/usr/lib:
39 [139683977750208] INFO perfrun.mrte <> - CORECLR_ENABLE_PROFILING=1
39 [139683977750208] INFO perfrun.mrte <> - CORECLR_PROFILER={AA5E4821-E3B1-479c-B7FF-5AD047D22CED}
39 [139683977750208] INFO perfrun.mrte <> - CORECLR_PROFILER_PATH=/opt/intel/oneapi/vtune/2025.0/lib64/libamplxe_samplingmrte_clrprof_1.0.so
39 [139683977750208] INFO perfrun.mrte <> - INTEL_MRTE_PROFILER_MODE=mixed
39 [139683977750208] INFO perfrun.mrte <> - Data directory: /home/yigit/Documents/CS535_Multicore_Programming_Fall2024-25/multicore_project/vtune_results/matmul_naive_parallel_N2048_T8_threading/data.0
39 [139683977750208] INFO perfrun.mrte <> - Mrte plugin is initialized
39 [139683977750208] INFO perfrun.launcher <> - plugin [emon] was disabled because it doesn't support the given collection type.
39 [139683977750208] INFO perfrun.launcher <> - plugin [cuscol] was disabled because it doesn't support the given collection type.
39 [139683977750208] INFO perfrun.launcher <> - plugin [stdsrc] was disabled because it doesn't support the given collection type.
39 [139683977750208] INFO perfrun.launcher <> - plugin [sep] was disabled because it doesn't support the given collection type.
39 [139683977750208] INFO perfrun.launcher <> - plugin [vtsspp] was disabled because it doesn't support the given collection type.
39 [139683977750208] INFO perfrun.launcher <> - plugin [perf] was disabled because it doesn't support the given collection type.
39 [139683977750208] INFO perfrun.launcher <> - plugin [aoclprofile] was disabled because it doesn't support the given collection type.
39 [139683977750208] INFO perfrun.tpss <> - initialize tpss controller
39 [139683977750208] INFO perfrun.tpss <> - configure collection mode: value = cpu:counters:nostack
39 [139683977750208] INFO perfrun.tpss <> - configure collection mode: value = cpu:stack
39 [139683977750208] INFO perfrun.tpss <> - configure collection mode: value = threading:stack
39 [139683977750208] INFO perfrun.tpss <> - configure collection mode: value = waiting:stack
39 [139683977750208] INFO perfrun.tpss <> - configure collection mode: value = io:stack
39 [139683977750208] INFO perfrun.tpss <> - default obj-size-min=1024
39 [139683977750208] INFO perfrun.tpss <> - default hash-table-size=0
40 [139683977750208] INFO perfrun.launcher <> - plugin [media] was disabled because it doesn't support the given collection type.
40 [139683977750208] INFO perfrun.launcher <> - plugin [] was disabled because it doesn't support the given collection type.
40 [139683977750208] INFO perfrun.launcher <> - plugin [] was disabled because it doesn't support the given collection type.
40 [139683977750208] INFO perfrun.launcher <> - plugin [parallelfs] was disabled because it doesn't support the given collection type.
40 [139683977750208] INFO perfrun.launcher <> - plugin [power] was disabled because it doesn't support the given collection type.
40 [139683977750208] INFO perfrun.launcher <> - plugin [] was disabled because it doesn't support the given collection type.
40 [139683977750208] INFO perfrun.launcher <> - plugin [ipmwatch] was disabled because it doesn't support the given collection type.
40 [139683977750208] INFO perfrun.launcher <> - plugin [os_counters] was disabled because it doesn't support the given collection type.
40 [139683977750208] INFO perfrun.launcher <> - plugin [l0_metrics] was disabled because it doesn't support the given collection type.
40 [139684133178304] INFO perfrun.launcher <> - set environment variable: LD_LIBRARY_PATH = /opt/intel/oneapi/vtune/2025.0/lib32/runtime:/opt/intel/oneapi/vtune/2025.0/lib64/runtime:/usr/local/lib:/usr/lib:/usr/local/lib:/usr/lib:
40 [139684133178304] INFO perfrun.launcher <> - set environment variable: INTEL_LIBITTNOTIFY32 = /opt/intel/oneapi/vtune/2025.0/lib32/runtime/libittnotify_collector.so
40 [139684133178304] INFO perfrun.launcher <> - set environment variable: INTEL_LIBITTNOTIFY64 = /opt/intel/oneapi/vtune/2025.0/lib64/runtime/libittnotify_collector.so
40 [139684133178304] INFO perfrun.launcher <> - set environment variable: INTEL_ITTNOTIFY_GROUPS = 
40 [139684133178304] INFO perfrun.launcher <> - set environment variable: INTEL_JIT_PROFILER32 = /opt/intel/oneapi/vtune/2025.0/lib32/runtime/libittnotify_collector.so
40 [139684133178304] INFO perfrun.launcher <> - set environment variable: INTEL_JIT_PROFILER64 = /opt/intel/oneapi/vtune/2025.0/lib64/runtime/libittnotify_collector.so
40 [139684133178304] INFO perfrun.launcher <> - set environment variable: OMP_TOOL_LIBRARIES = /opt/intel/oneapi/vtune/2025.0/lib32/runtime/libittnotify_collector.so:/opt/intel/oneapi/vtune/2025.0/lib64/runtime/libittnotify_collector.so
40 [139684133178304] INFO perfrun.launcher <> - set environment variable: CCL_ITT_LEVEL = 1
40 [139684133178304] INFO perfrun.launcher <> - set environment variable: ENABLE_JITPROFILING = 1
40 [139684133178304] INFO perfrun.launcher <> - set environment variable: CL_CONFIG_USE_VTUNE = True
40 [139684133178304] INFO perfrun.launcher <> - set environment variable: INTEL_MRTE_DATA_DIR = /home/yigit/Documents/CS535_Multicore_Programming_Fall2024-25/multicore_project/vtune_results/matmul_naive_parallel_N2048_T8_threading/data.0
40 [139684133178304] INFO perfrun.launcher <> - set environment variable: INTEL_MRTE_HOST_NAME = fedora
40 [139684133178304] INFO perfrun.launcher <> - set environment variable: JAVA_TOOL_OPTIONS = -agentlib:amplxe_samplingmrte_javaprof_1.0 -Dsun.boot.library.path=/opt/intel/oneapi/vtune/2025.0/lib32/runtime:/opt/intel/oneapi/vtune/2025.0/lib64/runtime
40 [139684133178304] INFO perfrun.launcher <> - set environment variable: LD_LIBRARY_PATH = /opt/intel/oneapi/vtune/2025.0/lib32/runtime:/opt/intel/oneapi/vtune/2025.0/lib64/runtime:/usr/local/lib:/usr/lib:/usr/local/lib:/usr/lib:
40 [139684133178304] INFO perfrun.launcher <> - set environment variable: CORECLR_ENABLE_PROFILING = 1
40 [139684133178304] INFO perfrun.launcher <> - set environment variable: CORECLR_PROFILER = {AA5E4821-E3B1-479c-B7FF-5AD047D22CED}
40 [139684133178304] INFO perfrun.launcher <> - set environment variable: CORECLR_PROFILER_PATH = /opt/intel/oneapi/vtune/2025.0/lib64/libamplxe_samplingmrte_clrprof_1.0.so
40 [139684133178304] INFO perfrun.launcher <> - set environment variable: INTEL_MRTE_PROFILER_MODE = mixed
40 [139684133178304] INFO perfrun.launcher <> - RpcServer: run RPC server to handle requests
40 [139684133178304] INFO perfrun.launcher <> - Launcher: command line to start before modification = ../bin/matmul_naive_parallel 2048 8
40 [139684133178304] INFO perfrun.launcher <> - Launcher: command line to start after modification = /opt/intel/oneapi/vtune/2025.0/bin64/pin -error_file /home/yigit/Documents/CS535_Multicore_Programming_Fall2024-25/multicore_project/vtune_results/matmul_naive_parallel_N2048_T8_threading/data.0/pinerr.tpsslog -detach_reattach -follow_execv -tool_load_option deepbind -t64 /opt/intel/oneapi/vtune/2025.0/lib64/libtpsstool.so -t /opt/intel/oneapi/vtune/2025.0/lib32/libtpsstool.so -server_name tpss_ipc.9591 -prd_dir /opt/intel/oneapi/vtune/2025.0 -- ../bin/matmul_naive_parallel 2048 8
40 [139684133178304] INFO perfrun.launcher <> - ProcessCreator object was created
41 [139684133178304] INFO perfrun.launcher <> - Launcher: the process was started in suspend mode
42 [139683977750208] WARN perfrun.system <> - Could not do anything with /sys/kernel/debug/kvm: boost::filesystem::status: Permission denied [system:13]: "/sys/kernel/debug/kvm", at file: vcs/perfrun1/plugins/system/src/trace_writer.cpp:787
43 [139683977750208] WARN perfrun.sdk <> - Failed to find xl binary on any of the system paths: /bin, /sbin, /usr/bin, /usr/sbin., at file: vcs/perfrun1/sdk/src/utils.cpp:205
43 [139683977750208] WARN perfrun.system <> - Could not start ContainerMapping collector, at file: vcs/perfrun1/plugins/system/src/controller.cpp:450
66 [139683977750208] INFO perfrun.vdso <> - Helper runtool '/opt/intel/oneapi/vtune/2025.0/bin32/amplxe-runss -dump-vdso -r /home/yigit/Documents/CS535_Multicore_Programming_Fall2024-25/multicore_project/vtune_results/matmul_naive_parallel_N2048_T8_threading --tmp-dir /tmp/amplxe-tmp-yigit' returned 0
106 [139683977750208] INFO perfrun.vdso <> - Helper runtool '/opt/intel/oneapi/vtune/2025.0/bin64/amplxe-runss -dump-vdso -r /home/yigit/Documents/CS535_Multicore_Programming_Fall2024-25/multicore_project/vtune_results/matmul_naive_parallel_N2048_T8_threading --tmp-dir /tmp/amplxe-tmp-yigit' returned 0
106 [139683977750208] INFO perfrun.itt <> - start itt controller for pid #9596
106 [139683977750208] INFO perfrun.tpss <> - start tpss controller for pid #9596
156 [139684133178304] INFO perfrun.launcher <> - Launcher: all plugins were started
156 [139684133178304] INFO perfrun.launcher <> - DirectoryMonitor object was created
156 [139684133178304] INFO perfrun.launcher <> - DirectoryMonitor: a callback was added
156 [139684133178304] INFO perfrun.launcher <> - DirectoryMonitor was started with pingTime = 1000
156 [139684133178304] INFO perfrun.launcher <> - DeadlineTimer is going to be constructed
156 [139684133178304] INFO perfrun.launcher <> - DeadlineTimer: a callback was added
171 [139684133178304] INFO perfrun.launcher <> - Launcher: resume the profiled application and  wait its termination or stop command
6160 [139684133178304] INFO perfrun.launcher <> - Launcher: the profiled application was terminated  with exit code = 0
6163 [139683977750208] INFO perfrun.itt <> - detach itt controller
6163 [139683977750208] INFO perfrun.itt <> - detach itt controller done
6163 [139683977750208] INFO perfrun.tpss <> - stop tpss controller
6163 [139683977750208] INFO perfrun.sdk <> - De-allocating TMU: /home/yigit/Documents/CS535_Multicore_Programming_Fall2024-25/multicore_project/vtune_results/matmul_naive_parallel_N2048_T8_threading/data.0/systemcollector-9591-fedora.sc
6163 [139683977750208] INFO perfrun.system <> - closed the system trace file: /home/yigit/Documents/CS535_Multicore_Programming_Fall2024-25/multicore_project/vtune_results/matmul_naive_parallel_N2048_T8_threading/data.0/systemcollector-9591-fedora.sc
6163 [139684133178304] INFO perfrun.launcher <> - Launcher: all plugins were stopped.
6163 [139684133178304] INFO perfrun.launcher <> - DeadlineTimer is going to be destroyed
6163 [139684133178304] INFO perfrun.launcher <> - DeadlineTimer was destroyed
6163 [139684133178304] INFO perfrun.launcher <> - DirectoryMonitor object was destroyed
6163 [139684133178304] WARN perfrun.launcher <> - Stop command is ignored because it is received when collection is already stopped, at file: vcs/perfrun1/launcher/src/command_handler.cpp:226
6163 [139684133178304] INFO perfrun.launcher <> - Application exit code: 0
6163 [139684133178304] INFO perfrun.launcher <> - Exit code: 0
