0 [4130637568] INFO perfrun.launcher <> - Launcher main begin
0 [4130637568] INFO perfrun.launcher <> - MessageCatalogInit finished
0 [4130637568] INFO perfrun.launcher <> - Launcher instance created
0 [4130637568] INFO perfrun.launcher <> - argc = 6; cmdline = /opt/intel/oneapi/vtune/2025.0/bin32/amplxe-runss -dump-vdso -r /home/yigit/Desktop/multicore_project/results/matmul_unrolled_threading_threads_4 --tmp-dir /tmp/amplxe-tmp-yigit 
10 [4130637568] INFO perfrun.launcher <> - create msngr2::ICliToolContext
10 [4130637568] INFO perfrun.launcher <> - create file finder object
12 [4130106176] INFO perfrun.launcher <> - plugin [remoteplug] was disabled because it doesn't support the given collection type.
12 [4130106176] INFO perfrun.launcher <> - plugin [] was disabled because it doesn't support the given collection type.
12 [4130106176] INFO perfrun.vdso <> - dumping [vdso] pseudomodule
13 [4130106176] INFO perfrun.launcher <> - plugin [] was disabled because it doesn't support the given collection type.
13 [4130106176] INFO perfrun.launcher <> - plugin [] was disabled because it doesn't support the given collection type.
13 [4130106176] INFO perfrun.launcher <> - plugin [] was disabled because it doesn't support the given collection type.
13 [4130106176] INFO perfrun.launcher <> - plugin [] was disabled because it doesn't support the given collection type.
13 [4130106176] INFO perfrun.launcher <> - plugin [] was disabled because it doesn't support the given collection type.
13 [4130106176] INFO perfrun.launcher <> - plugin [] was disabled because it doesn't support the given collection type.
13 [4130106176] INFO perfrun.launcher <> - plugin [] was disabled because it doesn't support the given collection type.
13 [4130106176] INFO perfrun.launcher <> - plugin [] was disabled because it doesn't support the given collection type.
13 [4130106176] INFO perfrun.launcher <> - plugin [] was disabled because it doesn't support the given collection type.
13 [4130106176] INFO perfrun.launcher <> - plugin [] was disabled because it doesn't support the given collection type.
13 [4130106176] INFO perfrun.launcher <> - plugin [] was disabled because it doesn't support the given collection type.
13 [4130106176] INFO perfrun.launcher <> - plugin [] was disabled because it doesn't support the given collection type.
13 [4130106176] INFO perfrun.launcher <> - plugin [] was disabled because it doesn't support the given collection type.
13 [4130106176] INFO perfrun.launcher <> - plugin [] was disabled because it doesn't support the given collection type.
13 [4130106176] INFO perfrun.launcher <> - plugin [] was disabled because it doesn't support the given collection type.
13 [4130106176] INFO perfrun.launcher <> - plugin [] was disabled because it doesn't support the given collection type.
13 [4130106176] INFO perfrun.launcher <> - plugin [] was disabled because it doesn't support the given collection type.
13 [4130106176] INFO perfrun.launcher <> - plugin [] was disabled because it doesn't support the given collection type.
13 [4130106176] INFO perfrun.launcher <> - plugin [] was disabled because it doesn't support the given collection type.
13 [4130106176] INFO perfrun.launcher <> - plugin [] was disabled because it doesn't support the given collection type.
13 [4130106176] INFO perfrun.launcher <> - plugin [] was disabled because it doesn't support the given collection type.
13 [4130106176] INFO perfrun.launcher <> - plugin [] was disabled because it doesn't support the given collection type.
13 [4130106176] INFO perfrun.launcher <> - plugin [] was disabled because it doesn't support the given collection type.
13 [4130106176] INFO perfrun.launcher <> - plugin [] was disabled because it doesn't support the given collection type.
13 [4130637568] INFO perfrun.launcher <> - Application exit code: 0
13 [4130637568] INFO perfrun.launcher <> - Exit code: 0
