0 [140334198111168] INFO perfrun.launcher <> - Launcher main begin
0 [140334198111168] INFO perfrun.launcher <> - MessageCatalogInit finished
0 [140334198111168] INFO perfrun.launcher <> - Launcher instance created
0 [140334198111168] INFO perfrun.launcher <> - argc = 7; cmdline = /opt/intel/oneapi/vtune/2025.0/bin64/amplxe-runss --ui-output-format xml --ui-output-fd 5 --option-file /home/yigit/Documents/CS535_Multicore_Programming_Fall2024-25/multicore_project/vtune_results/matmul_unrolled_seq_N1024_threading/config/runss.options 
20 [140334198111168] INFO perfrun.perfcollector <> - SEP tool path: /opt/intel/oneapi/vtune/2025.0/bin64/sep
23 [140334198111168] INFO perfrun.launcher <> - create msngr2::ICliToolContext
23 [140334198111168] INFO perfrun.launcher <> - create file finder object
23 [140334198111168] INFO perfrun.launcher <> - create a result directory: pattern = /home/yigit/Documents/CS535_Multicore_Programming_Fall2024-25/multicore_project/vtune_results/matmul_unrolled_seq_N1024_threading pid = 4294967295
23 [140334198111168] INFO perfrun.sdk <> - checked that the directory /home/yigit/Documents/CS535_Multicore_Programming_Fall2024-25/multicore_project/vtune_results/matmul_unrolled_seq_N1024_threading is a local directory
23 [140334198111168] INFO perfrun.sdk <> - the directory /home/yigit/Documents/CS535_Multicore_Programming_Fall2024-25/multicore_project/vtune_results/matmul_unrolled_seq_N1024_threading is a local directory with FS type ID 2435016766
23 [140334198111168] INFO perfrun.launcher <> - create data directory = /home/yigit/Documents/CS535_Multicore_Programming_Fall2024-25/multicore_project/vtune_results/matmul_unrolled_seq_N1024_threading/data.0
23 [140334198111168] INFO perfrun.launcher <> - Creating the master collection flag
32 [140334198111168] INFO perfrun.launcher <> - Done creating the master collection flag
33 [140334042441408] INFO perfrun.launcher <> - plugin [remoteplug] was disabled because it doesn't support the given collection type.
33 [140334042441408] INFO perfrun.sdk <> - Allocating TMU :/home/yigit/Documents/CS535_Multicore_Programming_Fall2024-25/multicore_project/vtune_results/matmul_unrolled_seq_N1024_threading/data.0/systemcollector-7693-fedora.sc
33 [140334042441408] INFO perfrun.system <> - Tpss based collection
33 [140334042441408] INFO perfrun.launcher <> - plugin [ptracecollector] was disabled because it doesn't support the given collection type.
33 [140334042441408] INFO perfrun.launcher <> - plugin [gpu] was disabled because it doesn't support the given collection type.
33 [140334042441408] INFO perfrun.launcher <> - plugin [] was disabled because it doesn't support the given collection type.
33 [140334042441408] INFO perfrun.launcher <> - plugin [] was disabled because it doesn't support the given collection type.
33 [140334042441408] INFO perfrun.launcher <> - plugin [] was disabled because it doesn't support the given collection type.
33 [140334042441408] INFO perfrun.mrte <> - system-wide mode is 0
33 [140334042441408] INFO perfrun.mrte <> - Getting  mrte profiling environment ...
37 [140334042441408] INFO perfrun.mrte <> - INTEL_MRTE_DATA_DIR=/home/yigit/Documents/CS535_Multicore_Programming_Fall2024-25/multicore_project/vtune_results/matmul_unrolled_seq_N1024_threading/data.0
37 [140334042441408] INFO perfrun.mrte <> - INTEL_MRTE_HOST_NAME=fedora
37 [140334042441408] INFO perfrun.mrte <> - JAVA_TOOL_OPTIONS=-agentlib:amplxe_samplingmrte_javaprof_1.0 -Dsun.boot.library.path=/opt/intel/oneapi/vtune/2025.0/lib32/runtime:/opt/intel/oneapi/vtune/2025.0/lib64/runtime
37 [140334042441408] INFO perfrun.mrte <> - LD_LIBRARY_PATH=/opt/intel/oneapi/vtune/2025.0/lib32/runtime:/opt/intel/oneapi/vtune/2025.0/lib64/runtime:/usr/local/lib:/usr/lib:/usr/local/lib:/usr/lib:
37 [140334042441408] INFO perfrun.mrte <> - CORECLR_ENABLE_PROFILING=1
37 [140334042441408] INFO perfrun.mrte <> - CORECLR_PROFILER={AA5E4821-E3B1-479c-B7FF-5AD047D22CED}
37 [140334042441408] INFO perfrun.mrte <> - CORECLR_PROFILER_PATH=/opt/intel/oneapi/vtune/2025.0/lib64/libamplxe_samplingmrte_clrprof_1.0.so
37 [140334042441408] INFO perfrun.mrte <> - INTEL_MRTE_PROFILER_MODE=mixed
37 [140334042441408] INFO perfrun.mrte <> - Data directory: /home/yigit/Documents/CS535_Multicore_Programming_Fall2024-25/multicore_project/vtune_results/matmul_unrolled_seq_N1024_threading/data.0
37 [140334042441408] INFO perfrun.mrte <> - Mrte plugin is initialized
37 [140334042441408] INFO perfrun.launcher <> - plugin [emon] was disabled because it doesn't support the given collection type.
37 [140334042441408] INFO perfrun.launcher <> - plugin [cuscol] was disabled because it doesn't support the given collection type.
37 [140334042441408] INFO perfrun.launcher <> - plugin [stdsrc] was disabled because it doesn't support the given collection type.
37 [140334042441408] INFO perfrun.launcher <> - plugin [sep] was disabled because it doesn't support the given collection type.
37 [140334042441408] INFO perfrun.launcher <> - plugin [vtsspp] was disabled because it doesn't support the given collection type.
37 [140334042441408] INFO perfrun.launcher <> - plugin [perf] was disabled because it doesn't support the given collection type.
37 [140334042441408] INFO perfrun.launcher <> - plugin [aoclprofile] was disabled because it doesn't support the given collection type.
37 [140334042441408] INFO perfrun.tpss <> - initialize tpss controller
37 [140334042441408] INFO perfrun.tpss <> - configure collection mode: value = cpu:counters:nostack
37 [140334042441408] INFO perfrun.tpss <> - configure collection mode: value = cpu:stack
37 [140334042441408] INFO perfrun.tpss <> - configure collection mode: value = threading:stack
37 [140334042441408] INFO perfrun.tpss <> - configure collection mode: value = waiting:stack
37 [140334042441408] INFO perfrun.tpss <> - configure collection mode: value = io:stack
37 [140334042441408] INFO perfrun.tpss <> - default obj-size-min=1024
37 [140334042441408] INFO perfrun.tpss <> - default hash-table-size=0
37 [140334042441408] INFO perfrun.launcher <> - plugin [media] was disabled because it doesn't support the given collection type.
37 [140334042441408] INFO perfrun.launcher <> - plugin [] was disabled because it doesn't support the given collection type.
37 [140334042441408] INFO perfrun.launcher <> - plugin [] was disabled because it doesn't support the given collection type.
37 [140334042441408] INFO perfrun.launcher <> - plugin [parallelfs] was disabled because it doesn't support the given collection type.
37 [140334042441408] INFO perfrun.launcher <> - plugin [power] was disabled because it doesn't support the given collection type.
37 [140334042441408] INFO perfrun.launcher <> - plugin [] was disabled because it doesn't support the given collection type.
37 [140334042441408] INFO perfrun.launcher <> - plugin [ipmwatch] was disabled because it doesn't support the given collection type.
37 [140334042441408] INFO perfrun.launcher <> - plugin [os_counters] was disabled because it doesn't support the given collection type.
37 [140334042441408] INFO perfrun.launcher <> - plugin [l0_metrics] was disabled because it doesn't support the given collection type.
37 [140334198111168] INFO perfrun.launcher <> - set environment variable: LD_LIBRARY_PATH = /opt/intel/oneapi/vtune/2025.0/lib32/runtime:/opt/intel/oneapi/vtune/2025.0/lib64/runtime:/usr/local/lib:/usr/lib:/usr/local/lib:/usr/lib:
37 [140334198111168] INFO perfrun.launcher <> - set environment variable: INTEL_LIBITTNOTIFY32 = /opt/intel/oneapi/vtune/2025.0/lib32/runtime/libittnotify_collector.so
37 [140334198111168] INFO perfrun.launcher <> - set environment variable: INTEL_LIBITTNOTIFY64 = /opt/intel/oneapi/vtune/2025.0/lib64/runtime/libittnotify_collector.so
37 [140334198111168] INFO perfrun.launcher <> - set environment variable: INTEL_ITTNOTIFY_GROUPS = 
37 [140334198111168] INFO perfrun.launcher <> - set environment variable: INTEL_JIT_PROFILER32 = /opt/intel/oneapi/vtune/2025.0/lib32/runtime/libittnotify_collector.so
37 [140334198111168] INFO perfrun.launcher <> - set environment variable: INTEL_JIT_PROFILER64 = /opt/intel/oneapi/vtune/2025.0/lib64/runtime/libittnotify_collector.so
37 [140334198111168] INFO perfrun.launcher <> - set environment variable: OMP_TOOL_LIBRARIES = /opt/intel/oneapi/vtune/2025.0/lib32/runtime/libittnotify_collector.so:/opt/intel/oneapi/vtune/2025.0/lib64/runtime/libittnotify_collector.so
37 [140334198111168] INFO perfrun.launcher <> - set environment variable: CCL_ITT_LEVEL = 1
37 [140334198111168] INFO perfrun.launcher <> - set environment variable: ENABLE_JITPROFILING = 1
37 [140334198111168] INFO perfrun.launcher <> - set environment variable: CL_CONFIG_USE_VTUNE = True
37 [140334198111168] INFO perfrun.launcher <> - set environment variable: INTEL_MRTE_DATA_DIR = /home/yigit/Documents/CS535_Multicore_Programming_Fall2024-25/multicore_project/vtune_results/matmul_unrolled_seq_N1024_threading/data.0
37 [140334198111168] INFO perfrun.launcher <> - set environment variable: INTEL_MRTE_HOST_NAME = fedora
37 [140334198111168] INFO perfrun.launcher <> - set environment variable: JAVA_TOOL_OPTIONS = -agentlib:amplxe_samplingmrte_javaprof_1.0 -Dsun.boot.library.path=/opt/intel/oneapi/vtune/2025.0/lib32/runtime:/opt/intel/oneapi/vtune/2025.0/lib64/runtime
37 [140334198111168] INFO perfrun.launcher <> - set environment variable: LD_LIBRARY_PATH = /opt/intel/oneapi/vtune/2025.0/lib32/runtime:/opt/intel/oneapi/vtune/2025.0/lib64/runtime:/usr/local/lib:/usr/lib:/usr/local/lib:/usr/lib:
37 [140334198111168] INFO perfrun.launcher <> - set environment variable: CORECLR_ENABLE_PROFILING = 1
37 [140334198111168] INFO perfrun.launcher <> - set environment variable: CORECLR_PROFILER = {AA5E4821-E3B1-479c-B7FF-5AD047D22CED}
37 [140334198111168] INFO perfrun.launcher <> - set environment variable: CORECLR_PROFILER_PATH = /opt/intel/oneapi/vtune/2025.0/lib64/libamplxe_samplingmrte_clrprof_1.0.so
37 [140334198111168] INFO perfrun.launcher <> - set environment variable: INTEL_MRTE_PROFILER_MODE = mixed
37 [140334198111168] INFO perfrun.launcher <> - RpcServer: run RPC server to handle requests
38 [140334198111168] INFO perfrun.launcher <> - Launcher: command line to start before modification = ../bin/matmul_unrolled_seq 1024
38 [140334198111168] INFO perfrun.launcher <> - Launcher: command line to start after modification = /opt/intel/oneapi/vtune/2025.0/bin64/pin -error_file /home/yigit/Documents/CS535_Multicore_Programming_Fall2024-25/multicore_project/vtune_results/matmul_unrolled_seq_N1024_threading/data.0/pinerr.tpsslog -detach_reattach -follow_execv -tool_load_option deepbind -t64 /opt/intel/oneapi/vtune/2025.0/lib64/libtpsstool.so -t /opt/intel/oneapi/vtune/2025.0/lib32/libtpsstool.so -server_name tpss_ipc.7693 -prd_dir /opt/intel/oneapi/vtune/2025.0 -- ../bin/matmul_unrolled_seq 1024
38 [140334198111168] INFO perfrun.launcher <> - ProcessCreator object was created
38 [140334198111168] INFO perfrun.launcher <> - Launcher: the process was started in suspend mode
39 [140334042441408] WARN perfrun.system <> - Could not do anything with /sys/kernel/debug/kvm: boost::filesystem::status: Permission denied [system:13]: "/sys/kernel/debug/kvm", at file: vcs/perfrun1/plugins/system/src/trace_writer.cpp:787
39 [140334042441408] WARN perfrun.sdk <> - Failed to find xl binary on any of the system paths: /bin, /sbin, /usr/bin, /usr/sbin., at file: vcs/perfrun1/sdk/src/utils.cpp:205
40 [140334042441408] WARN perfrun.system <> - Could not start ContainerMapping collector, at file: vcs/perfrun1/plugins/system/src/controller.cpp:450
59 [140334042441408] INFO perfrun.vdso <> - Helper runtool '/opt/intel/oneapi/vtune/2025.0/bin32/amplxe-runss -dump-vdso -r /home/yigit/Documents/CS535_Multicore_Programming_Fall2024-25/multicore_project/vtune_results/matmul_unrolled_seq_N1024_threading --tmp-dir /tmp/amplxe-tmp-yigit' returned 0
92 [140334042441408] INFO perfrun.vdso <> - Helper runtool '/opt/intel/oneapi/vtune/2025.0/bin64/amplxe-runss -dump-vdso -r /home/yigit/Documents/CS535_Multicore_Programming_Fall2024-25/multicore_project/vtune_results/matmul_unrolled_seq_N1024_threading --tmp-dir /tmp/amplxe-tmp-yigit' returned 0
92 [140334042441408] INFO perfrun.itt <> - start itt controller for pid #7698
92 [140334042441408] INFO perfrun.tpss <> - start tpss controller for pid #7698
143 [140334198111168] INFO perfrun.launcher <> - Launcher: all plugins were started
143 [140334198111168] INFO perfrun.launcher <> - DirectoryMonitor object was created
143 [140334198111168] INFO perfrun.launcher <> - DirectoryMonitor: a callback was added
143 [140334198111168] INFO perfrun.launcher <> - DirectoryMonitor was started with pingTime = 1000
143 [140334198111168] INFO perfrun.launcher <> - DeadlineTimer is going to be constructed
143 [140334198111168] INFO perfrun.launcher <> - DeadlineTimer: a callback was added
158 [140334198111168] INFO perfrun.launcher <> - Launcher: resume the profiled application and  wait its termination or stop command
2264 [140334198111168] INFO perfrun.launcher <> - Launcher: the profiled application was terminated  with exit code = 0
2266 [140334042441408] INFO perfrun.itt <> - detach itt controller
2266 [140334042441408] INFO perfrun.itt <> - detach itt controller done
2266 [140334042441408] INFO perfrun.tpss <> - stop tpss controller
2266 [140334042441408] INFO perfrun.sdk <> - De-allocating TMU: /home/yigit/Documents/CS535_Multicore_Programming_Fall2024-25/multicore_project/vtune_results/matmul_unrolled_seq_N1024_threading/data.0/systemcollector-7693-fedora.sc
2266 [140334042441408] INFO perfrun.system <> - closed the system trace file: /home/yigit/Documents/CS535_Multicore_Programming_Fall2024-25/multicore_project/vtune_results/matmul_unrolled_seq_N1024_threading/data.0/systemcollector-7693-fedora.sc
2266 [140334198111168] INFO perfrun.launcher <> - Launcher: all plugins were stopped.
2266 [140334198111168] INFO perfrun.launcher <> - DeadlineTimer is going to be destroyed
2266 [140334198111168] INFO perfrun.launcher <> - DeadlineTimer was destroyed
2266 [140334198111168] INFO perfrun.launcher <> - DirectoryMonitor object was destroyed
2266 [140334198111168] WARN perfrun.launcher <> - Stop command is ignored because it is received when collection is already stopped, at file: vcs/perfrun1/launcher/src/command_handler.cpp:226
2267 [140334198111168] INFO perfrun.launcher <> - Application exit code: 0
2267 [140334198111168] INFO perfrun.launcher <> - Exit code: 0
