0 [4130912000] INFO perfrun.launcher <> - Launcher main begin
0 [4130912000] INFO perfrun.launcher <> - MessageCatalogInit finished
0 [4130912000] INFO perfrun.launcher <> - Launcher instance created
0 [4130912000] INFO perfrun.launcher <> - argc = 6; cmdline = /opt/intel/oneapi/vtune/2025.0/bin32/amplxe-runss -dump-vdso -r /home/yigit/Documents/CS535_Multicore_Programming_Fall2024-25/multicore_project/vtune_results/matmul_blocked_seq_N1024_threading --tmp-dir /tmp/amplxe-tmp-yigit 
9 [4130912000] INFO perfrun.launcher <> - create msngr2::ICliToolContext
9 [4130912000] INFO perfrun.launcher <> - create file finder object
12 [4130380608] INFO perfrun.launcher <> - plugin [remoteplug] was disabled because it doesn't support the given collection type.
12 [4130380608] INFO perfrun.launcher <> - plugin [] was disabled because it doesn't support the given collection type.
12 [4130380608] INFO perfrun.vdso <> - dumping [vdso] pseudomodule
12 [4130380608] INFO perfrun.launcher <> - plugin [] was disabled because it doesn't support the given collection type.
12 [4130380608] INFO perfrun.launcher <> - plugin [] was disabled because it doesn't support the given collection type.
12 [4130380608] INFO perfrun.launcher <> - plugin [] was disabled because it doesn't support the given collection type.
12 [4130380608] INFO perfrun.launcher <> - plugin [] was disabled because it doesn't support the given collection type.
12 [4130380608] INFO perfrun.launcher <> - plugin [] was disabled because it doesn't support the given collection type.
12 [4130380608] INFO perfrun.launcher <> - plugin [] was disabled because it doesn't support the given collection type.
12 [4130380608] INFO perfrun.launcher <> - plugin [] was disabled because it doesn't support the given collection type.
12 [4130380608] INFO perfrun.launcher <> - plugin [] was disabled because it doesn't support the given collection type.
12 [4130380608] INFO perfrun.launcher <> - plugin [] was disabled because it doesn't support the given collection type.
12 [4130380608] INFO perfrun.launcher <> - plugin [] was disabled because it doesn't support the given collection type.
12 [4130380608] INFO perfrun.launcher <> - plugin [] was disabled because it doesn't support the given collection type.
12 [4130380608] INFO perfrun.launcher <> - plugin [] was disabled because it doesn't support the given collection type.
12 [4130380608] INFO perfrun.launcher <> - plugin [] was disabled because it doesn't support the given collection type.
12 [4130380608] INFO perfrun.launcher <> - plugin [] was disabled because it doesn't support the given collection type.
12 [4130380608] INFO perfrun.launcher <> - plugin [] was disabled because it doesn't support the given collection type.
12 [4130380608] INFO perfrun.launcher <> - plugin [] was disabled because it doesn't support the given collection type.
12 [4130380608] INFO perfrun.launcher <> - plugin [] was disabled because it doesn't support the given collection type.
12 [4130380608] INFO perfrun.launcher <> - plugin [] was disabled because it doesn't support the given collection type.
12 [4130380608] INFO perfrun.launcher <> - plugin [] was disabled because it doesn't support the given collection type.
12 [4130380608] INFO perfrun.launcher <> - plugin [] was disabled because it doesn't support the given collection type.
12 [4130380608] INFO perfrun.launcher <> - plugin [] was disabled because it doesn't support the given collection type.
12 [4130380608] INFO perfrun.launcher <> - plugin [] was disabled because it doesn't support the given collection type.
12 [4130380608] INFO perfrun.launcher <> - plugin [] was disabled because it doesn't support the given collection type.
12 [4130380608] INFO perfrun.launcher <> - plugin [] was disabled because it doesn't support the given collection type.
12 [4130912000] INFO perfrun.launcher <> - Application exit code: 0
12 [4130912000] INFO perfrun.launcher <> - Exit code: 0
