0 [139850640968640] INFO perfrun.launcher <> - Launcher main begin
1 [139850640968640] INFO perfrun.launcher <> - MessageCatalogInit finished
1 [139850640968640] INFO perfrun.launcher <> - Launcher instance created
1 [139850640968640] INFO perfrun.launcher <> - argc = 7; cmdline = /opt/intel/oneapi/vtune/2025.0/bin64/amplxe-runss --ui-output-format xml --ui-output-fd 5 --option-file /home/yigit/Documents/CS535_Multicore_Programming_Fall2024-25/multicore_project/vtune_results/matmul_blocked_parallel_N4096_T8_threading/config/runss.options 
36 [139850640968640] INFO perfrun.perfcollector <> - SEP tool path: /opt/intel/oneapi/vtune/2025.0/bin64/sep
42 [139850640968640] INFO perfrun.launcher <> - create msngr2::ICliToolContext
43 [139850640968640] INFO perfrun.launcher <> - create file finder object
43 [139850640968640] INFO perfrun.launcher <> - create a result directory: pattern = /home/yigit/Documents/CS535_Multicore_Programming_Fall2024-25/multicore_project/vtune_results/matmul_blocked_parallel_N4096_T8_threading pid = 4294967295
43 [139850640968640] INFO perfrun.sdk <> - checked that the directory /home/yigit/Documents/CS535_Multicore_Programming_Fall2024-25/multicore_project/vtune_results/matmul_blocked_parallel_N4096_T8_threading is a local directory
43 [139850640968640] INFO perfrun.sdk <> - the directory /home/yigit/Documents/CS535_Multicore_Programming_Fall2024-25/multicore_project/vtune_results/matmul_blocked_parallel_N4096_T8_threading is a local directory with FS type ID 2435016766
43 [139850640968640] INFO perfrun.launcher <> - create data directory = /home/yigit/Documents/CS535_Multicore_Programming_Fall2024-25/multicore_project/vtune_results/matmul_blocked_parallel_N4096_T8_threading/data.0
43 [139850640968640] INFO perfrun.launcher <> - Creating the master collection flag
49 [139850640968640] INFO perfrun.launcher <> - Done creating the master collection flag
50 [139850485327552] INFO perfrun.launcher <> - plugin [remoteplug] was disabled because it doesn't support the given collection type.
50 [139850485327552] INFO perfrun.sdk <> - Allocating TMU :/home/yigit/Documents/CS535_Multicore_Programming_Fall2024-25/multicore_project/vtune_results/matmul_blocked_parallel_N4096_T8_threading/data.0/systemcollector-21437-fedora.sc
50 [139850485327552] INFO perfrun.system <> - Tpss based collection
51 [139850485327552] INFO perfrun.launcher <> - plugin [ptracecollector] was disabled because it doesn't support the given collection type.
51 [139850485327552] INFO perfrun.launcher <> - plugin [gpu] was disabled because it doesn't support the given collection type.
51 [139850485327552] INFO perfrun.launcher <> - plugin [] was disabled because it doesn't support the given collection type.
51 [139850485327552] INFO perfrun.launcher <> - plugin [] was disabled because it doesn't support the given collection type.
51 [139850485327552] INFO perfrun.launcher <> - plugin [] was disabled because it doesn't support the given collection type.
51 [139850485327552] INFO perfrun.mrte <> - system-wide mode is 0
51 [139850485327552] INFO perfrun.mrte <> - Getting  mrte profiling environment ...
59 [139850485327552] INFO perfrun.mrte <> - INTEL_MRTE_DATA_DIR=/home/yigit/Documents/CS535_Multicore_Programming_Fall2024-25/multicore_project/vtune_results/matmul_blocked_parallel_N4096_T8_threading/data.0
59 [139850485327552] INFO perfrun.mrte <> - INTEL_MRTE_HOST_NAME=fedora
59 [139850485327552] INFO perfrun.mrte <> - JAVA_TOOL_OPTIONS=-agentlib:amplxe_samplingmrte_javaprof_1.0 -Dsun.boot.library.path=/opt/intel/oneapi/vtune/2025.0/lib32/runtime:/opt/intel/oneapi/vtune/2025.0/lib64/runtime
59 [139850485327552] INFO perfrun.mrte <> - LD_LIBRARY_PATH=/opt/intel/oneapi/vtune/2025.0/lib32/runtime:/opt/intel/oneapi/vtune/2025.0/lib64/runtime:/usr/local/lib:/usr/lib:/usr/local/lib:/usr/lib:
59 [139850485327552] INFO perfrun.mrte <> - CORECLR_ENABLE_PROFILING=1
59 [139850485327552] INFO perfrun.mrte <> - CORECLR_PROFILER={AA5E4821-E3B1-479c-B7FF-5AD047D22CED}
59 [139850485327552] INFO perfrun.mrte <> - CORECLR_PROFILER_PATH=/opt/intel/oneapi/vtune/2025.0/lib64/libamplxe_samplingmrte_clrprof_1.0.so
59 [139850485327552] INFO perfrun.mrte <> - INTEL_MRTE_PROFILER_MODE=mixed
59 [139850485327552] INFO perfrun.mrte <> - Data directory: /home/yigit/Documents/CS535_Multicore_Programming_Fall2024-25/multicore_project/vtune_results/matmul_blocked_parallel_N4096_T8_threading/data.0
59 [139850485327552] INFO perfrun.mrte <> - Mrte plugin is initialized
59 [139850485327552] INFO perfrun.launcher <> - plugin [emon] was disabled because it doesn't support the given collection type.
59 [139850485327552] INFO perfrun.launcher <> - plugin [cuscol] was disabled because it doesn't support the given collection type.
59 [139850485327552] INFO perfrun.launcher <> - plugin [stdsrc] was disabled because it doesn't support the given collection type.
59 [139850485327552] INFO perfrun.launcher <> - plugin [sep] was disabled because it doesn't support the given collection type.
59 [139850485327552] INFO perfrun.launcher <> - plugin [vtsspp] was disabled because it doesn't support the given collection type.
59 [139850485327552] INFO perfrun.launcher <> - plugin [perf] was disabled because it doesn't support the given collection type.
59 [139850485327552] INFO perfrun.launcher <> - plugin [aoclprofile] was disabled because it doesn't support the given collection type.
59 [139850485327552] INFO perfrun.tpss <> - initialize tpss controller
59 [139850485327552] INFO perfrun.tpss <> - configure collection mode: value = cpu:counters:nostack
59 [139850485327552] INFO perfrun.tpss <> - configure collection mode: value = cpu:stack
59 [139850485327552] INFO perfrun.tpss <> - configure collection mode: value = threading:stack
59 [139850485327552] INFO perfrun.tpss <> - configure collection mode: value = waiting:stack
59 [139850485327552] INFO perfrun.tpss <> - configure collection mode: value = io:stack
59 [139850485327552] INFO perfrun.tpss <> - default obj-size-min=1024
59 [139850485327552] INFO perfrun.tpss <> - default hash-table-size=0
59 [139850485327552] INFO perfrun.launcher <> - plugin [media] was disabled because it doesn't support the given collection type.
59 [139850485327552] INFO perfrun.launcher <> - plugin [] was disabled because it doesn't support the given collection type.
59 [139850485327552] INFO perfrun.launcher <> - plugin [] was disabled because it doesn't support the given collection type.
59 [139850485327552] INFO perfrun.launcher <> - plugin [parallelfs] was disabled because it doesn't support the given collection type.
59 [139850485327552] INFO perfrun.launcher <> - plugin [power] was disabled because it doesn't support the given collection type.
59 [139850485327552] INFO perfrun.launcher <> - plugin [] was disabled because it doesn't support the given collection type.
59 [139850485327552] INFO perfrun.launcher <> - plugin [ipmwatch] was disabled because it doesn't support the given collection type.
59 [139850485327552] INFO perfrun.launcher <> - plugin [os_counters] was disabled because it doesn't support the given collection type.
59 [139850485327552] INFO perfrun.launcher <> - plugin [l0_metrics] was disabled because it doesn't support the given collection type.
59 [139850640968640] INFO perfrun.launcher <> - set environment variable: LD_LIBRARY_PATH = /opt/intel/oneapi/vtune/2025.0/lib32/runtime:/opt/intel/oneapi/vtune/2025.0/lib64/runtime:/usr/local/lib:/usr/lib:/usr/local/lib:/usr/lib:
59 [139850640968640] INFO perfrun.launcher <> - set environment variable: INTEL_LIBITTNOTIFY32 = /opt/intel/oneapi/vtune/2025.0/lib32/runtime/libittnotify_collector.so
59 [139850640968640] INFO perfrun.launcher <> - set environment variable: INTEL_LIBITTNOTIFY64 = /opt/intel/oneapi/vtune/2025.0/lib64/runtime/libittnotify_collector.so
59 [139850640968640] INFO perfrun.launcher <> - set environment variable: INTEL_ITTNOTIFY_GROUPS = 
60 [139850640968640] INFO perfrun.launcher <> - set environment variable: INTEL_JIT_PROFILER32 = /opt/intel/oneapi/vtune/2025.0/lib32/runtime/libittnotify_collector.so
60 [139850640968640] INFO perfrun.launcher <> - set environment variable: INTEL_JIT_PROFILER64 = /opt/intel/oneapi/vtune/2025.0/lib64/runtime/libittnotify_collector.so
60 [139850640968640] INFO perfrun.launcher <> - set environment variable: OMP_TOOL_LIBRARIES = /opt/intel/oneapi/vtune/2025.0/lib32/runtime/libittnotify_collector.so:/opt/intel/oneapi/vtune/2025.0/lib64/runtime/libittnotify_collector.so
60 [139850640968640] INFO perfrun.launcher <> - set environment variable: CCL_ITT_LEVEL = 1
60 [139850640968640] INFO perfrun.launcher <> - set environment variable: ENABLE_JITPROFILING = 1
60 [139850640968640] INFO perfrun.launcher <> - set environment variable: CL_CONFIG_USE_VTUNE = True
60 [139850640968640] INFO perfrun.launcher <> - set environment variable: INTEL_MRTE_DATA_DIR = /home/yigit/Documents/CS535_Multicore_Programming_Fall2024-25/multicore_project/vtune_results/matmul_blocked_parallel_N4096_T8_threading/data.0
60 [139850640968640] INFO perfrun.launcher <> - set environment variable: INTEL_MRTE_HOST_NAME = fedora
60 [139850640968640] INFO perfrun.launcher <> - set environment variable: JAVA_TOOL_OPTIONS = -agentlib:amplxe_samplingmrte_javaprof_1.0 -Dsun.boot.library.path=/opt/intel/oneapi/vtune/2025.0/lib32/runtime:/opt/intel/oneapi/vtune/2025.0/lib64/runtime
60 [139850640968640] INFO perfrun.launcher <> - set environment variable: LD_LIBRARY_PATH = /opt/intel/oneapi/vtune/2025.0/lib32/runtime:/opt/intel/oneapi/vtune/2025.0/lib64/runtime:/usr/local/lib:/usr/lib:/usr/local/lib:/usr/lib:
60 [139850640968640] INFO perfrun.launcher <> - set environment variable: CORECLR_ENABLE_PROFILING = 1
60 [139850640968640] INFO perfrun.launcher <> - set environment variable: CORECLR_PROFILER = {AA5E4821-E3B1-479c-B7FF-5AD047D22CED}
60 [139850640968640] INFO perfrun.launcher <> - set environment variable: CORECLR_PROFILER_PATH = /opt/intel/oneapi/vtune/2025.0/lib64/libamplxe_samplingmrte_clrprof_1.0.so
60 [139850640968640] INFO perfrun.launcher <> - set environment variable: INTEL_MRTE_PROFILER_MODE = mixed
60 [139850640968640] INFO perfrun.launcher <> - RpcServer: run RPC server to handle requests
60 [139850640968640] INFO perfrun.launcher <> - Launcher: command line to start before modification = ../bin/matmul_blocked_parallel 4096 8 64
60 [139850640968640] INFO perfrun.launcher <> - Launcher: command line to start after modification = /opt/intel/oneapi/vtune/2025.0/bin64/pin -error_file /home/yigit/Documents/CS535_Multicore_Programming_Fall2024-25/multicore_project/vtune_results/matmul_blocked_parallel_N4096_T8_threading/data.0/pinerr.tpsslog -detach_reattach -follow_execv -tool_load_option deepbind -t64 /opt/intel/oneapi/vtune/2025.0/lib64/libtpsstool.so -t /opt/intel/oneapi/vtune/2025.0/lib32/libtpsstool.so -server_name tpss_ipc.21437 -prd_dir /opt/intel/oneapi/vtune/2025.0 -- ../bin/matmul_blocked_parallel 4096 8 64
60 [139850640968640] INFO perfrun.launcher <> - ProcessCreator object was created
60 [139850640968640] INFO perfrun.launcher <> - Launcher: the process was started in suspend mode
61 [139850485327552] WARN perfrun.system <> - Could not do anything with /sys/kernel/debug/kvm: boost::filesystem::status: Permission denied [system:13]: "/sys/kernel/debug/kvm", at file: vcs/perfrun1/plugins/system/src/trace_writer.cpp:787
62 [139850485327552] WARN perfrun.sdk <> - Failed to find xl binary on any of the system paths: /bin, /sbin, /usr/bin, /usr/sbin., at file: vcs/perfrun1/sdk/src/utils.cpp:205
62 [139850485327552] WARN perfrun.system <> - Could not start ContainerMapping collector, at file: vcs/perfrun1/plugins/system/src/controller.cpp:450
85 [139850485327552] INFO perfrun.vdso <> - Helper runtool '/opt/intel/oneapi/vtune/2025.0/bin32/amplxe-runss -dump-vdso -r /home/yigit/Documents/CS535_Multicore_Programming_Fall2024-25/multicore_project/vtune_results/matmul_blocked_parallel_N4096_T8_threading --tmp-dir /tmp/amplxe-tmp-yigit' returned 0
139 [139850485327552] INFO perfrun.vdso <> - Helper runtool '/opt/intel/oneapi/vtune/2025.0/bin64/amplxe-runss -dump-vdso -r /home/yigit/Documents/CS535_Multicore_Programming_Fall2024-25/multicore_project/vtune_results/matmul_blocked_parallel_N4096_T8_threading --tmp-dir /tmp/amplxe-tmp-yigit' returned 0
139 [139850485327552] INFO perfrun.itt <> - start itt controller for pid #21442
139 [139850485327552] INFO perfrun.tpss <> - start tpss controller for pid #21442
189 [139850640968640] INFO perfrun.launcher <> - Launcher: all plugins were started
189 [139850640968640] INFO perfrun.launcher <> - DirectoryMonitor object was created
189 [139850640968640] INFO perfrun.launcher <> - DirectoryMonitor: a callback was added
189 [139850640968640] INFO perfrun.launcher <> - DirectoryMonitor was started with pingTime = 1000
189 [139850640968640] INFO perfrun.launcher <> - DeadlineTimer is going to be constructed
189 [139850640968640] INFO perfrun.launcher <> - DeadlineTimer: a callback was added
205 [139850640968640] INFO perfrun.launcher <> - Launcher: resume the profiled application and  wait its termination or stop command
15428 [139850640968640] INFO perfrun.launcher <> - Launcher: the profiled application was terminated  with exit code = 0
15431 [139850485327552] INFO perfrun.itt <> - detach itt controller
15431 [139850485327552] INFO perfrun.itt <> - detach itt controller done
15431 [139850485327552] INFO perfrun.tpss <> - stop tpss controller
15431 [139850485327552] INFO perfrun.sdk <> - De-allocating TMU: /home/yigit/Documents/CS535_Multicore_Programming_Fall2024-25/multicore_project/vtune_results/matmul_blocked_parallel_N4096_T8_threading/data.0/systemcollector-21437-fedora.sc
15431 [139850485327552] INFO perfrun.system <> - closed the system trace file: /home/yigit/Documents/CS535_Multicore_Programming_Fall2024-25/multicore_project/vtune_results/matmul_blocked_parallel_N4096_T8_threading/data.0/systemcollector-21437-fedora.sc
15431 [139850640968640] INFO perfrun.launcher <> - Launcher: all plugins were stopped.
15431 [139850640968640] INFO perfrun.launcher <> - DeadlineTimer is going to be destroyed
15432 [139850640968640] INFO perfrun.launcher <> - DeadlineTimer was destroyed
15432 [139850640968640] INFO perfrun.launcher <> - DirectoryMonitor object was destroyed
15432 [139850640968640] WARN perfrun.launcher <> - Stop command is ignored because it is received when collection is already stopped, at file: vcs/perfrun1/launcher/src/command_handler.cpp:226
15432 [139850640968640] INFO perfrun.launcher <> - Application exit code: 0
15432 [139850640968640] INFO perfrun.launcher <> - Exit code: 0
