0 [139672724945856] INFO perfrun.launcher <> - Launcher main begin
1 [139672724945856] INFO perfrun.launcher <> - MessageCatalogInit finished
1 [139672724945856] INFO perfrun.launcher <> - Launcher instance created
1 [139672724945856] INFO perfrun.launcher <> - argc = 6; cmdline = /opt/intel/oneapi/vtune/2025.0/bin64/amplxe-runss -dump-vdso -r /home/yigit/Documents/CS535_Multicore_Programming_Fall2024-25/multicore_project/vtune_results/matmul_blocked_parallel_N4096_T8_threading --tmp-dir /tmp/amplxe-tmp-yigit 
33 [139672724945856] INFO perfrun.perfcollector <> - SEP tool path: /opt/intel/oneapi/vtune/2025.0/bin64/sep
37 [139672724945856] INFO perfrun.launcher <> - create msngr2::ICliToolContext
37 [139672724945856] INFO perfrun.launcher <> - create file finder object
38 [139672569243328] INFO perfrun.launcher <> - plugin [remoteplug] was disabled because it doesn't support the given collection type.
38 [139672569243328] INFO perfrun.launcher <> - plugin [system] was disabled because it doesn't support the given collection type.
38 [139672569243328] INFO perfrun.vdso <> - dumping [vdso] pseudomodule
38 [139672569243328] INFO perfrun.launcher <> - plugin [itt] was disabled because it doesn't support the given collection type.
38 [139672569243328] INFO perfrun.launcher <> - plugin [ptracecollector] was disabled because it doesn't support the given collection type.
38 [139672569243328] INFO perfrun.launcher <> - plugin [gpu] was disabled because it doesn't support the given collection type.
38 [139672569243328] INFO perfrun.launcher <> - plugin [] was disabled because it doesn't support the given collection type.
38 [139672569243328] INFO perfrun.launcher <> - plugin [] was disabled because it doesn't support the given collection type.
38 [139672569243328] INFO perfrun.launcher <> - plugin [] was disabled because it doesn't support the given collection type.
38 [139672569243328] INFO perfrun.launcher <> - plugin [mrte] was disabled because it doesn't support the given collection type.
38 [139672569243328] INFO perfrun.launcher <> - plugin [emon] was disabled because it doesn't support the given collection type.
38 [139672569243328] INFO perfrun.launcher <> - plugin [cuscol] was disabled because it doesn't support the given collection type.
38 [139672569243328] INFO perfrun.launcher <> - plugin [stdsrc] was disabled because it doesn't support the given collection type.
38 [139672569243328] INFO perfrun.launcher <> - plugin [sep] was disabled because it doesn't support the given collection type.
38 [139672569243328] INFO perfrun.launcher <> - plugin [vtsspp] was disabled because it doesn't support the given collection type.
38 [139672569243328] INFO perfrun.launcher <> - plugin [perf] was disabled because it doesn't support the given collection type.
38 [139672569243328] INFO perfrun.launcher <> - plugin [aoclprofile] was disabled because it doesn't support the given collection type.
38 [139672569243328] INFO perfrun.launcher <> - plugin [tpss] was disabled because it doesn't support the given collection type.
38 [139672569243328] INFO perfrun.launcher <> - plugin [media] was disabled because it doesn't support the given collection type.
38 [139672569243328] INFO perfrun.launcher <> - plugin [] was disabled because it doesn't support the given collection type.
38 [139672569243328] INFO perfrun.launcher <> - plugin [] was disabled because it doesn't support the given collection type.
38 [139672569243328] INFO perfrun.launcher <> - plugin [parallelfs] was disabled because it doesn't support the given collection type.
38 [139672569243328] INFO perfrun.launcher <> - plugin [power] was disabled because it doesn't support the given collection type.
38 [139672569243328] INFO perfrun.launcher <> - plugin [] was disabled because it doesn't support the given collection type.
38 [139672569243328] INFO perfrun.launcher <> - plugin [ipmwatch] was disabled because it doesn't support the given collection type.
38 [139672569243328] INFO perfrun.launcher <> - plugin [os_counters] was disabled because it doesn't support the given collection type.
38 [139672569243328] INFO perfrun.launcher <> - plugin [l0_metrics] was disabled because it doesn't support the given collection type.
38 [139672724945856] INFO perfrun.launcher <> - Application exit code: 0
38 [139672724945856] INFO perfrun.launcher <> - Exit code: 0
