0 [140062811737024] INFO perfrun.launcher <> - Launcher main begin
0 [140062811737024] INFO perfrun.launcher <> - MessageCatalogInit finished
0 [140062811737024] INFO perfrun.launcher <> - Launcher instance created
0 [140062811737024] INFO perfrun.launcher <> - argc = 7; cmdline = /opt/intel/oneapi/vtune/2025.0/bin64/amplxe-runss --ui-output-format xml --ui-output-fd 5 --option-file /home/yigit/Documents/CS535_Multicore_Programming_Fall2024-25/multicore_project/vtune_results/matmul_aligned_parallel_N1024_T4_threading/config/runss.options 
21 [140062811737024] INFO perfrun.perfcollector <> - SEP tool path: /opt/intel/oneapi/vtune/2025.0/bin64/sep
24 [140062811737024] INFO perfrun.launcher <> - create msngr2::ICliToolContext
24 [140062811737024] INFO perfrun.launcher <> - create file finder object
24 [140062811737024] INFO perfrun.launcher <> - create a result directory: pattern = /home/yigit/Documents/CS535_Multicore_Programming_Fall2024-25/multicore_project/vtune_results/matmul_aligned_parallel_N1024_T4_threading pid = 4294967295
25 [140062811737024] INFO perfrun.sdk <> - checked that the directory /home/yigit/Documents/CS535_Multicore_Programming_Fall2024-25/multicore_project/vtune_results/matmul_aligned_parallel_N1024_T4_threading is a local directory
25 [140062811737024] INFO perfrun.sdk <> - the directory /home/yigit/Documents/CS535_Multicore_Programming_Fall2024-25/multicore_project/vtune_results/matmul_aligned_parallel_N1024_T4_threading is a local directory with FS type ID 2435016766
25 [140062811737024] INFO perfrun.launcher <> - create data directory = /home/yigit/Documents/CS535_Multicore_Programming_Fall2024-25/multicore_project/vtune_results/matmul_aligned_parallel_N1024_T4_threading/data.0
25 [140062811737024] INFO perfrun.launcher <> - Creating the master collection flag
30 [140062811737024] INFO perfrun.launcher <> - Done creating the master collection flag
31 [140062656292544] INFO perfrun.launcher <> - plugin [remoteplug] was disabled because it doesn't support the given collection type.
31 [140062656292544] INFO perfrun.sdk <> - Allocating TMU :/home/yigit/Documents/CS535_Multicore_Programming_Fall2024-25/multicore_project/vtune_results/matmul_aligned_parallel_N1024_T4_threading/data.0/systemcollector-6121-fedora.sc
31 [140062656292544] INFO perfrun.system <> - Tpss based collection
31 [140062656292544] INFO perfrun.launcher <> - plugin [ptracecollector] was disabled because it doesn't support the given collection type.
31 [140062656292544] INFO perfrun.launcher <> - plugin [gpu] was disabled because it doesn't support the given collection type.
31 [140062656292544] INFO perfrun.launcher <> - plugin [] was disabled because it doesn't support the given collection type.
31 [140062656292544] INFO perfrun.launcher <> - plugin [] was disabled because it doesn't support the given collection type.
31 [140062656292544] INFO perfrun.launcher <> - plugin [] was disabled because it doesn't support the given collection type.
31 [140062656292544] INFO perfrun.mrte <> - system-wide mode is 0
31 [140062656292544] INFO perfrun.mrte <> - Getting  mrte profiling environment ...
36 [140062656292544] INFO perfrun.mrte <> - INTEL_MRTE_DATA_DIR=/home/yigit/Documents/CS535_Multicore_Programming_Fall2024-25/multicore_project/vtune_results/matmul_aligned_parallel_N1024_T4_threading/data.0
36 [140062656292544] INFO perfrun.mrte <> - INTEL_MRTE_HOST_NAME=fedora
36 [140062656292544] INFO perfrun.mrte <> - JAVA_TOOL_OPTIONS=-agentlib:amplxe_samplingmrte_javaprof_1.0 -Dsun.boot.library.path=/opt/intel/oneapi/vtune/2025.0/lib32/runtime:/opt/intel/oneapi/vtune/2025.0/lib64/runtime
36 [140062656292544] INFO perfrun.mrte <> - LD_LIBRARY_PATH=/opt/intel/oneapi/vtune/2025.0/lib32/runtime:/opt/intel/oneapi/vtune/2025.0/lib64/runtime:/usr/local/lib:/usr/lib:/usr/local/lib:/usr/lib:
36 [140062656292544] INFO perfrun.mrte <> - CORECLR_ENABLE_PROFILING=1
36 [140062656292544] INFO perfrun.mrte <> - CORECLR_PROFILER={AA5E4821-E3B1-479c-B7FF-5AD047D22CED}
36 [140062656292544] INFO perfrun.mrte <> - CORECLR_PROFILER_PATH=/opt/intel/oneapi/vtune/2025.0/lib64/libamplxe_samplingmrte_clrprof_1.0.so
36 [140062656292544] INFO perfrun.mrte <> - INTEL_MRTE_PROFILER_MODE=mixed
36 [140062656292544] INFO perfrun.mrte <> - Data directory: /home/yigit/Documents/CS535_Multicore_Programming_Fall2024-25/multicore_project/vtune_results/matmul_aligned_parallel_N1024_T4_threading/data.0
36 [140062656292544] INFO perfrun.mrte <> - Mrte plugin is initialized
36 [140062656292544] INFO perfrun.launcher <> - plugin [emon] was disabled because it doesn't support the given collection type.
36 [140062656292544] INFO perfrun.launcher <> - plugin [cuscol] was disabled because it doesn't support the given collection type.
36 [140062656292544] INFO perfrun.launcher <> - plugin [stdsrc] was disabled because it doesn't support the given collection type.
36 [140062656292544] INFO perfrun.launcher <> - plugin [sep] was disabled because it doesn't support the given collection type.
36 [140062656292544] INFO perfrun.launcher <> - plugin [vtsspp] was disabled because it doesn't support the given collection type.
36 [140062656292544] INFO perfrun.launcher <> - plugin [perf] was disabled because it doesn't support the given collection type.
36 [140062656292544] INFO perfrun.launcher <> - plugin [aoclprofile] was disabled because it doesn't support the given collection type.
36 [140062656292544] INFO perfrun.tpss <> - initialize tpss controller
36 [140062656292544] INFO perfrun.tpss <> - configure collection mode: value = cpu:counters:nostack
36 [140062656292544] INFO perfrun.tpss <> - configure collection mode: value = cpu:stack
36 [140062656292544] INFO perfrun.tpss <> - configure collection mode: value = threading:stack
36 [140062656292544] INFO perfrun.tpss <> - configure collection mode: value = waiting:stack
36 [140062656292544] INFO perfrun.tpss <> - configure collection mode: value = io:stack
36 [140062656292544] INFO perfrun.tpss <> - default obj-size-min=1024
36 [140062656292544] INFO perfrun.tpss <> - default hash-table-size=0
36 [140062656292544] INFO perfrun.launcher <> - plugin [media] was disabled because it doesn't support the given collection type.
36 [140062656292544] INFO perfrun.launcher <> - plugin [] was disabled because it doesn't support the given collection type.
36 [140062656292544] INFO perfrun.launcher <> - plugin [] was disabled because it doesn't support the given collection type.
36 [140062656292544] INFO perfrun.launcher <> - plugin [parallelfs] was disabled because it doesn't support the given collection type.
36 [140062656292544] INFO perfrun.launcher <> - plugin [power] was disabled because it doesn't support the given collection type.
36 [140062656292544] INFO perfrun.launcher <> - plugin [] was disabled because it doesn't support the given collection type.
36 [140062656292544] INFO perfrun.launcher <> - plugin [ipmwatch] was disabled because it doesn't support the given collection type.
36 [140062656292544] INFO perfrun.launcher <> - plugin [os_counters] was disabled because it doesn't support the given collection type.
36 [140062656292544] INFO perfrun.launcher <> - plugin [l0_metrics] was disabled because it doesn't support the given collection type.
36 [140062811737024] INFO perfrun.launcher <> - set environment variable: LD_LIBRARY_PATH = /opt/intel/oneapi/vtune/2025.0/lib32/runtime:/opt/intel/oneapi/vtune/2025.0/lib64/runtime:/usr/local/lib:/usr/lib:/usr/local/lib:/usr/lib:
36 [140062811737024] INFO perfrun.launcher <> - set environment variable: INTEL_LIBITTNOTIFY32 = /opt/intel/oneapi/vtune/2025.0/lib32/runtime/libittnotify_collector.so
36 [140062811737024] INFO perfrun.launcher <> - set environment variable: INTEL_LIBITTNOTIFY64 = /opt/intel/oneapi/vtune/2025.0/lib64/runtime/libittnotify_collector.so
36 [140062811737024] INFO perfrun.launcher <> - set environment variable: INTEL_ITTNOTIFY_GROUPS = 
36 [140062811737024] INFO perfrun.launcher <> - set environment variable: INTEL_JIT_PROFILER32 = /opt/intel/oneapi/vtune/2025.0/lib32/runtime/libittnotify_collector.so
36 [140062811737024] INFO perfrun.launcher <> - set environment variable: INTEL_JIT_PROFILER64 = /opt/intel/oneapi/vtune/2025.0/lib64/runtime/libittnotify_collector.so
36 [140062811737024] INFO perfrun.launcher <> - set environment variable: OMP_TOOL_LIBRARIES = /opt/intel/oneapi/vtune/2025.0/lib32/runtime/libittnotify_collector.so:/opt/intel/oneapi/vtune/2025.0/lib64/runtime/libittnotify_collector.so
36 [140062811737024] INFO perfrun.launcher <> - set environment variable: CCL_ITT_LEVEL = 1
36 [140062811737024] INFO perfrun.launcher <> - set environment variable: ENABLE_JITPROFILING = 1
36 [140062811737024] INFO perfrun.launcher <> - set environment variable: CL_CONFIG_USE_VTUNE = True
36 [140062811737024] INFO perfrun.launcher <> - set environment variable: INTEL_MRTE_DATA_DIR = /home/yigit/Documents/CS535_Multicore_Programming_Fall2024-25/multicore_project/vtune_results/matmul_aligned_parallel_N1024_T4_threading/data.0
36 [140062811737024] INFO perfrun.launcher <> - set environment variable: INTEL_MRTE_HOST_NAME = fedora
36 [140062811737024] INFO perfrun.launcher <> - set environment variable: JAVA_TOOL_OPTIONS = -agentlib:amplxe_samplingmrte_javaprof_1.0 -Dsun.boot.library.path=/opt/intel/oneapi/vtune/2025.0/lib32/runtime:/opt/intel/oneapi/vtune/2025.0/lib64/runtime
36 [140062811737024] INFO perfrun.launcher <> - set environment variable: LD_LIBRARY_PATH = /opt/intel/oneapi/vtune/2025.0/lib32/runtime:/opt/intel/oneapi/vtune/2025.0/lib64/runtime:/usr/local/lib:/usr/lib:/usr/local/lib:/usr/lib:
36 [140062811737024] INFO perfrun.launcher <> - set environment variable: CORECLR_ENABLE_PROFILING = 1
36 [140062811737024] INFO perfrun.launcher <> - set environment variable: CORECLR_PROFILER = {AA5E4821-E3B1-479c-B7FF-5AD047D22CED}
36 [140062811737024] INFO perfrun.launcher <> - set environment variable: CORECLR_PROFILER_PATH = /opt/intel/oneapi/vtune/2025.0/lib64/libamplxe_samplingmrte_clrprof_1.0.so
36 [140062811737024] INFO perfrun.launcher <> - set environment variable: INTEL_MRTE_PROFILER_MODE = mixed
36 [140062811737024] INFO perfrun.launcher <> - RpcServer: run RPC server to handle requests
36 [140062811737024] INFO perfrun.launcher <> - Launcher: command line to start before modification = ../bin/matmul_aligned_parallel 1024 4
36 [140062811737024] INFO perfrun.launcher <> - Launcher: command line to start after modification = /opt/intel/oneapi/vtune/2025.0/bin64/pin -error_file /home/yigit/Documents/CS535_Multicore_Programming_Fall2024-25/multicore_project/vtune_results/matmul_aligned_parallel_N1024_T4_threading/data.0/pinerr.tpsslog -detach_reattach -follow_execv -tool_load_option deepbind -t64 /opt/intel/oneapi/vtune/2025.0/lib64/libtpsstool.so -t /opt/intel/oneapi/vtune/2025.0/lib32/libtpsstool.so -server_name tpss_ipc.6121 -prd_dir /opt/intel/oneapi/vtune/2025.0 -- ../bin/matmul_aligned_parallel 1024 4
36 [140062811737024] INFO perfrun.launcher <> - ProcessCreator object was created
37 [140062811737024] INFO perfrun.launcher <> - Launcher: the process was started in suspend mode
38 [140062656292544] WARN perfrun.system <> - Could not do anything with /sys/kernel/debug/kvm: boost::filesystem::status: Permission denied [system:13]: "/sys/kernel/debug/kvm", at file: vcs/perfrun1/plugins/system/src/trace_writer.cpp:787
39 [140062656292544] WARN perfrun.sdk <> - Failed to find xl binary on any of the system paths: /bin, /sbin, /usr/bin, /usr/sbin., at file: vcs/perfrun1/sdk/src/utils.cpp:205
39 [140062656292544] WARN perfrun.system <> - Could not start ContainerMapping collector, at file: vcs/perfrun1/plugins/system/src/controller.cpp:450
59 [140062656292544] INFO perfrun.vdso <> - Helper runtool '/opt/intel/oneapi/vtune/2025.0/bin32/amplxe-runss -dump-vdso -r /home/yigit/Documents/CS535_Multicore_Programming_Fall2024-25/multicore_project/vtune_results/matmul_aligned_parallel_N1024_T4_threading --tmp-dir /tmp/amplxe-tmp-yigit' returned 0
100 [140062656292544] INFO perfrun.vdso <> - Helper runtool '/opt/intel/oneapi/vtune/2025.0/bin64/amplxe-runss -dump-vdso -r /home/yigit/Documents/CS535_Multicore_Programming_Fall2024-25/multicore_project/vtune_results/matmul_aligned_parallel_N1024_T4_threading --tmp-dir /tmp/amplxe-tmp-yigit' returned 0
100 [140062656292544] INFO perfrun.itt <> - start itt controller for pid #6126
100 [140062656292544] INFO perfrun.tpss <> - start tpss controller for pid #6126
150 [140062811737024] INFO perfrun.launcher <> - Launcher: all plugins were started
150 [140062811737024] INFO perfrun.launcher <> - DirectoryMonitor object was created
150 [140062811737024] INFO perfrun.launcher <> - DirectoryMonitor: a callback was added
150 [140062811737024] INFO perfrun.launcher <> - DirectoryMonitor was started with pingTime = 1000
150 [140062811737024] INFO perfrun.launcher <> - DeadlineTimer is going to be constructed
150 [140062811737024] INFO perfrun.launcher <> - DeadlineTimer: a callback was added
164 [140062811737024] INFO perfrun.launcher <> - Launcher: resume the profiled application and  wait its termination or stop command
634 [140062811737024] INFO perfrun.launcher <> - Launcher: the profiled application was terminated  with exit code = 0
636 [140062656292544] INFO perfrun.itt <> - detach itt controller
636 [140062656292544] INFO perfrun.itt <> - detach itt controller done
636 [140062656292544] INFO perfrun.tpss <> - stop tpss controller
636 [140062656292544] INFO perfrun.sdk <> - De-allocating TMU: /home/yigit/Documents/CS535_Multicore_Programming_Fall2024-25/multicore_project/vtune_results/matmul_aligned_parallel_N1024_T4_threading/data.0/systemcollector-6121-fedora.sc
636 [140062656292544] INFO perfrun.system <> - closed the system trace file: /home/yigit/Documents/CS535_Multicore_Programming_Fall2024-25/multicore_project/vtune_results/matmul_aligned_parallel_N1024_T4_threading/data.0/systemcollector-6121-fedora.sc
636 [140062811737024] INFO perfrun.launcher <> - Launcher: all plugins were stopped.
636 [140062811737024] INFO perfrun.launcher <> - DeadlineTimer is going to be destroyed
636 [140062811737024] INFO perfrun.launcher <> - DeadlineTimer was destroyed
636 [140062811737024] INFO perfrun.launcher <> - DirectoryMonitor object was destroyed
636 [140062811737024] WARN perfrun.launcher <> - Stop command is ignored because it is received when collection is already stopped, at file: vcs/perfrun1/launcher/src/command_handler.cpp:226
637 [140062811737024] INFO perfrun.launcher <> - Application exit code: 0
637 [140062811737024] INFO perfrun.launcher <> - Exit code: 0
