0 [139981666544576] INFO perfrun.launcher <> - Launcher main begin
0 [139981666544576] INFO perfrun.launcher <> - MessageCatalogInit finished
0 [139981666544576] INFO perfrun.launcher <> - Launcher instance created
0 [139981666544576] INFO perfrun.launcher <> - argc = 6; cmdline = /opt/intel/oneapi/vtune/2025.0/bin64/amplxe-runss -dump-vdso -r /home/yigit/Desktop/multicore_project/results/matmul_unrolled_threading_threads_16 --tmp-dir /tmp/amplxe-tmp-yigit 
29 [139981666544576] INFO perfrun.perfcollector <> - SEP tool path: /opt/intel/oneapi/vtune/2025.0/bin64/sep
31 [139981666544576] INFO perfrun.launcher <> - create msngr2::ICliToolContext
31 [139981666544576] INFO perfrun.launcher <> - create file finder object
32 [139981511190208] INFO perfrun.launcher <> - plugin [remoteplug] was disabled because it doesn't support the given collection type.
32 [139981511190208] INFO perfrun.launcher <> - plugin [system] was disabled because it doesn't support the given collection type.
32 [139981511190208] INFO perfrun.vdso <> - dumping [vdso] pseudomodule
33 [139981511190208] INFO perfrun.launcher <> - plugin [itt] was disabled because it doesn't support the given collection type.
33 [139981511190208] INFO perfrun.launcher <> - plugin [ptracecollector] was disabled because it doesn't support the given collection type.
33 [139981511190208] INFO perfrun.launcher <> - plugin [gpu] was disabled because it doesn't support the given collection type.
33 [139981511190208] INFO perfrun.launcher <> - plugin [] was disabled because it doesn't support the given collection type.
33 [139981511190208] INFO perfrun.launcher <> - plugin [] was disabled because it doesn't support the given collection type.
33 [139981511190208] INFO perfrun.launcher <> - plugin [] was disabled because it doesn't support the given collection type.
33 [139981511190208] INFO perfrun.launcher <> - plugin [mrte] was disabled because it doesn't support the given collection type.
33 [139981511190208] INFO perfrun.launcher <> - plugin [emon] was disabled because it doesn't support the given collection type.
33 [139981511190208] INFO perfrun.launcher <> - plugin [cuscol] was disabled because it doesn't support the given collection type.
33 [139981511190208] INFO perfrun.launcher <> - plugin [stdsrc] was disabled because it doesn't support the given collection type.
33 [139981511190208] INFO perfrun.launcher <> - plugin [sep] was disabled because it doesn't support the given collection type.
33 [139981511190208] INFO perfrun.launcher <> - plugin [vtsspp] was disabled because it doesn't support the given collection type.
33 [139981511190208] INFO perfrun.launcher <> - plugin [perf] was disabled because it doesn't support the given collection type.
33 [139981511190208] INFO perfrun.launcher <> - plugin [aoclprofile] was disabled because it doesn't support the given collection type.
33 [139981511190208] INFO perfrun.launcher <> - plugin [tpss] was disabled because it doesn't support the given collection type.
33 [139981511190208] INFO perfrun.launcher <> - plugin [media] was disabled because it doesn't support the given collection type.
33 [139981511190208] INFO perfrun.launcher <> - plugin [] was disabled because it doesn't support the given collection type.
33 [139981511190208] INFO perfrun.launcher <> - plugin [] was disabled because it doesn't support the given collection type.
33 [139981511190208] INFO perfrun.launcher <> - plugin [parallelfs] was disabled because it doesn't support the given collection type.
33 [139981511190208] INFO perfrun.launcher <> - plugin [power] was disabled because it doesn't support the given collection type.
33 [139981511190208] INFO perfrun.launcher <> - plugin [] was disabled because it doesn't support the given collection type.
33 [139981511190208] INFO perfrun.launcher <> - plugin [ipmwatch] was disabled because it doesn't support the given collection type.
33 [139981511190208] INFO perfrun.launcher <> - plugin [os_counters] was disabled because it doesn't support the given collection type.
33 [139981511190208] INFO perfrun.launcher <> - plugin [l0_metrics] was disabled because it doesn't support the given collection type.
33 [139981666544576] INFO perfrun.launcher <> - Application exit code: 0
33 [139981666544576] INFO perfrun.launcher <> - Exit code: 0
