0 [140061582998464] INFO perfrun.launcher <> - Launcher main begin
0 [140061582998464] INFO perfrun.launcher <> - MessageCatalogInit finished
0 [140061582998464] INFO perfrun.launcher <> - Launcher instance created
0 [140061582998464] INFO perfrun.launcher <> - argc = 7; cmdline = /opt/intel/oneapi/vtune/2025.0/bin64/amplxe-runss --ui-output-format xml --ui-output-fd 5 --option-file /home/yigit/Desktop/multicore_project/results/matmul_blocked_memory-consumption_threads_4/config/runss.options 
21 [140061582998464] INFO perfrun.perfcollector <> - SEP tool path: /opt/intel/oneapi/vtune/2025.0/bin64/sep
23 [140061582998464] INFO perfrun.launcher <> - create msngr2::ICliToolContext
24 [140061582998464] INFO perfrun.launcher <> - create file finder object
24 [140061582998464] INFO perfrun.launcher <> - create a result directory: pattern = /home/yigit/Desktop/multicore_project/results/matmul_blocked_memory-consumption_threads_4 pid = 4294967295
24 [140061582998464] INFO perfrun.sdk <> - checked that the directory /home/yigit/Desktop/multicore_project/results/matmul_blocked_memory-consumption_threads_4 is a local directory
24 [140061582998464] INFO perfrun.sdk <> - the directory /home/yigit/Desktop/multicore_project/results/matmul_blocked_memory-consumption_threads_4 is a local directory with FS type ID 2435016766
24 [140061582998464] INFO perfrun.launcher <> - create data directory = /home/yigit/Desktop/multicore_project/results/matmul_blocked_memory-consumption_threads_4/data.0
24 [140061582998464] INFO perfrun.launcher <> - Creating the master collection flag
30 [140061582998464] INFO perfrun.launcher <> - Done creating the master collection flag
30 [140061427361472] INFO perfrun.launcher <> - plugin [remoteplug] was disabled because it doesn't support the given collection type.
30 [140061427361472] INFO perfrun.sdk <> - Allocating TMU :/home/yigit/Desktop/multicore_project/results/matmul_blocked_memory-consumption_threads_4/data.0/systemcollector-32386-yigit.home.sc
30 [140061427361472] INFO perfrun.system <> - Tpss based collection
31 [140061427361472] INFO perfrun.launcher <> - plugin [ptracecollector] was disabled because it doesn't support the given collection type.
31 [140061427361472] INFO perfrun.launcher <> - plugin [gpu] was disabled because it doesn't support the given collection type.
31 [140061427361472] INFO perfrun.launcher <> - plugin [] was disabled because it doesn't support the given collection type.
31 [140061427361472] INFO perfrun.launcher <> - plugin [] was disabled because it doesn't support the given collection type.
31 [140061427361472] INFO perfrun.launcher <> - plugin [] was disabled because it doesn't support the given collection type.
31 [140061427361472] INFO perfrun.mrte <> - system-wide mode is 0
31 [140061427361472] INFO perfrun.mrte <> - Getting  mrte profiling environment ...
35 [140061427361472] INFO perfrun.mrte <> - INTEL_MRTE_DATA_DIR=/home/yigit/Desktop/multicore_project/results/matmul_blocked_memory-consumption_threads_4/data.0
35 [140061427361472] INFO perfrun.mrte <> - INTEL_MRTE_HOST_NAME=yigit.home
35 [140061427361472] INFO perfrun.mrte <> - JAVA_TOOL_OPTIONS=-agentlib:amplxe_samplingmrte_javaprof_1.0 -Dsun.boot.library.path=/opt/intel/oneapi/vtune/2025.0/lib32/runtime:/opt/intel/oneapi/vtune/2025.0/lib64/runtime
35 [140061427361472] INFO perfrun.mrte <> - LD_LIBRARY_PATH=/opt/intel/oneapi/vtune/2025.0/lib32/runtime:/opt/intel/oneapi/vtune/2025.0/lib64/runtime:/usr/local/lib:/usr/lib:/usr/local/lib:/usr/lib:
35 [140061427361472] INFO perfrun.mrte <> - CORECLR_ENABLE_PROFILING=1
35 [140061427361472] INFO perfrun.mrte <> - CORECLR_PROFILER={AA5E4821-E3B1-479c-B7FF-5AD047D22CED}
35 [140061427361472] INFO perfrun.mrte <> - CORECLR_PROFILER_PATH=/opt/intel/oneapi/vtune/2025.0/lib64/libamplxe_samplingmrte_clrprof_1.0.so
35 [140061427361472] INFO perfrun.mrte <> - INTEL_MRTE_PROFILER_MODE=mixed
35 [140061427361472] INFO perfrun.mrte <> - Data directory: /home/yigit/Desktop/multicore_project/results/matmul_blocked_memory-consumption_threads_4/data.0
35 [140061427361472] INFO perfrun.mrte <> - Mrte plugin is initialized
35 [140061427361472] INFO perfrun.launcher <> - plugin [emon] was disabled because it doesn't support the given collection type.
35 [140061427361472] INFO perfrun.launcher <> - plugin [cuscol] was disabled because it doesn't support the given collection type.
35 [140061427361472] INFO perfrun.launcher <> - plugin [stdsrc] was disabled because it doesn't support the given collection type.
35 [140061427361472] INFO perfrun.launcher <> - plugin [sep] was disabled because it doesn't support the given collection type.
35 [140061427361472] INFO perfrun.launcher <> - plugin [vtsspp] was disabled because it doesn't support the given collection type.
35 [140061427361472] INFO perfrun.launcher <> - plugin [perf] was disabled because it doesn't support the given collection type.
35 [140061427361472] INFO perfrun.launcher <> - plugin [aoclprofile] was disabled because it doesn't support the given collection type.
35 [140061427361472] INFO perfrun.tpss <> - initialize tpss controller
35 [140061427361472] INFO perfrun.tpss <> - configure collection mode: value = memory
35 [140061427361472] INFO perfrun.tpss <> - default obj-size-min=1024
35 [140061427361472] INFO perfrun.tpss <> - default hash-table-size=0
35 [140061427361472] INFO perfrun.tpss <> - obj-size-min 32
35 [140061427361472] INFO perfrun.tpss <> - hash-table-size 0
35 [140061427361472] INFO perfrun.launcher <> - plugin [media] was disabled because it doesn't support the given collection type.
35 [140061427361472] INFO perfrun.launcher <> - plugin [] was disabled because it doesn't support the given collection type.
35 [140061427361472] INFO perfrun.launcher <> - plugin [] was disabled because it doesn't support the given collection type.
35 [140061427361472] INFO perfrun.launcher <> - plugin [parallelfs] was disabled because it doesn't support the given collection type.
35 [140061427361472] INFO perfrun.launcher <> - plugin [power] was disabled because it doesn't support the given collection type.
35 [140061427361472] INFO perfrun.launcher <> - plugin [] was disabled because it doesn't support the given collection type.
35 [140061427361472] INFO perfrun.launcher <> - plugin [ipmwatch] was disabled because it doesn't support the given collection type.
35 [140061427361472] INFO perfrun.launcher <> - plugin [os_counters] was disabled because it doesn't support the given collection type.
35 [140061427361472] INFO perfrun.launcher <> - plugin [l0_metrics] was disabled because it doesn't support the given collection type.
35 [140061582998464] INFO perfrun.launcher <> - set environment variable: LD_LIBRARY_PATH = /opt/intel/oneapi/vtune/2025.0/lib32/runtime:/opt/intel/oneapi/vtune/2025.0/lib64/runtime:/usr/local/lib:/usr/lib:/usr/local/lib:/usr/lib:
35 [140061582998464] INFO perfrun.launcher <> - set environment variable: INTEL_LIBITTNOTIFY32 = /opt/intel/oneapi/vtune/2025.0/lib32/runtime/libittnotify_collector.so
35 [140061582998464] INFO perfrun.launcher <> - set environment variable: INTEL_LIBITTNOTIFY64 = /opt/intel/oneapi/vtune/2025.0/lib64/runtime/libittnotify_collector.so
35 [140061582998464] INFO perfrun.launcher <> - set environment variable: INTEL_ITTNOTIFY_GROUPS = 
35 [140061582998464] INFO perfrun.launcher <> - set environment variable: INTEL_JIT_PROFILER32 = /opt/intel/oneapi/vtune/2025.0/lib32/runtime/libittnotify_collector.so
35 [140061582998464] INFO perfrun.launcher <> - set environment variable: INTEL_JIT_PROFILER64 = /opt/intel/oneapi/vtune/2025.0/lib64/runtime/libittnotify_collector.so
35 [140061582998464] INFO perfrun.launcher <> - set environment variable: CCL_ITT_LEVEL = 1
35 [140061582998464] INFO perfrun.launcher <> - set environment variable: ENABLE_JITPROFILING = 1
35 [140061582998464] INFO perfrun.launcher <> - set environment variable: CL_CONFIG_USE_VTUNE = True
35 [140061582998464] INFO perfrun.launcher <> - set environment variable: KMP_FORKJOIN_FRAMES = 0
35 [140061582998464] INFO perfrun.launcher <> - set environment variable: KMP_FORKJOIN_FRAMES_MODE = 0
35 [140061582998464] INFO perfrun.launcher <> - set environment variable: INTEL_MRTE_DATA_DIR = /home/yigit/Desktop/multicore_project/results/matmul_blocked_memory-consumption_threads_4/data.0
35 [140061582998464] INFO perfrun.launcher <> - set environment variable: INTEL_MRTE_HOST_NAME = yigit.home
35 [140061582998464] INFO perfrun.launcher <> - set environment variable: JAVA_TOOL_OPTIONS = -agentlib:amplxe_samplingmrte_javaprof_1.0 -Dsun.boot.library.path=/opt/intel/oneapi/vtune/2025.0/lib32/runtime:/opt/intel/oneapi/vtune/2025.0/lib64/runtime
35 [140061582998464] INFO perfrun.launcher <> - set environment variable: LD_LIBRARY_PATH = /opt/intel/oneapi/vtune/2025.0/lib32/runtime:/opt/intel/oneapi/vtune/2025.0/lib64/runtime:/usr/local/lib:/usr/lib:/usr/local/lib:/usr/lib:
35 [140061582998464] INFO perfrun.launcher <> - set environment variable: CORECLR_ENABLE_PROFILING = 1
35 [140061582998464] INFO perfrun.launcher <> - set environment variable: CORECLR_PROFILER = {AA5E4821-E3B1-479c-B7FF-5AD047D22CED}
35 [140061582998464] INFO perfrun.launcher <> - set environment variable: CORECLR_PROFILER_PATH = /opt/intel/oneapi/vtune/2025.0/lib64/libamplxe_samplingmrte_clrprof_1.0.so
35 [140061582998464] INFO perfrun.launcher <> - set environment variable: INTEL_MRTE_PROFILER_MODE = mixed
35 [140061582998464] INFO perfrun.launcher <> - RpcServer: run RPC server to handle requests
35 [140061582998464] INFO perfrun.launcher <> - Launcher: command line to start before modification = ./bin/matmul_blocked 2048 64 4
35 [140061582998464] INFO perfrun.launcher <> - Launcher: command line to start after modification = /opt/intel/oneapi/vtune/2025.0/bin64/pin -error_file /home/yigit/Desktop/multicore_project/results/matmul_blocked_memory-consumption_threads_4/data.0/pinerr.tpsslog -detach_reattach -follow_execv -tool_load_option deepbind -t64 /opt/intel/oneapi/vtune/2025.0/lib64/libtpsstool.so -t /opt/intel/oneapi/vtune/2025.0/lib32/libtpsstool.so -server_name tpss_ipc.32386 -prd_dir /opt/intel/oneapi/vtune/2025.0 -- ./bin/matmul_blocked 2048 64 4
35 [140061582998464] INFO perfrun.launcher <> - ProcessCreator object was created
36 [140061582998464] INFO perfrun.launcher <> - Launcher: the process was started in suspend mode
37 [140061427361472] WARN perfrun.system <> - Could not do anything with /sys/kernel/debug/kvm: boost::filesystem::status: Permission denied [system:13]: "/sys/kernel/debug/kvm", at file: vcs/perfrun1/plugins/system/src/trace_writer.cpp:787
37 [140061427361472] WARN perfrun.sdk <> - Failed to find xl binary on any of the system paths: /bin, /sbin, /usr/bin, /usr/sbin., at file: vcs/perfrun1/sdk/src/utils.cpp:205
37 [140061427361472] WARN perfrun.system <> - Could not start ContainerMapping collector, at file: vcs/perfrun1/plugins/system/src/controller.cpp:450
58 [140061427361472] INFO perfrun.vdso <> - Helper runtool '/opt/intel/oneapi/vtune/2025.0/bin32/amplxe-runss -dump-vdso -r /home/yigit/Desktop/multicore_project/results/matmul_blocked_memory-consumption_threads_4 --tmp-dir /tmp/amplxe-tmp-yigit' returned 0
95 [140061427361472] INFO perfrun.vdso <> - Helper runtool '/opt/intel/oneapi/vtune/2025.0/bin64/amplxe-runss -dump-vdso -r /home/yigit/Desktop/multicore_project/results/matmul_blocked_memory-consumption_threads_4 --tmp-dir /tmp/amplxe-tmp-yigit' returned 0
95 [140061427361472] INFO perfrun.itt <> - start itt controller for pid #32391
95 [140061427361472] INFO perfrun.tpss <> - start tpss controller for pid #32391
146 [140061582998464] INFO perfrun.launcher <> - Launcher: all plugins were started
146 [140061582998464] INFO perfrun.launcher <> - DirectoryMonitor object was created
146 [140061582998464] INFO perfrun.launcher <> - DirectoryMonitor: a callback was added
146 [140061582998464] INFO perfrun.launcher <> - DirectoryMonitor was started with pingTime = 1000
146 [140061582998464] INFO perfrun.launcher <> - DeadlineTimer is going to be constructed
146 [140061582998464] INFO perfrun.launcher <> - DeadlineTimer: a callback was added
153 [140061582998464] INFO perfrun.launcher <> - Launcher: resume the profiled application and  wait its termination or stop command
1743 [140061582998464] INFO perfrun.launcher <> - Launcher: the profiled application was terminated  with exit code = 0
1751 [140061427361472] INFO perfrun.itt <> - detach itt controller
1751 [140061427361472] INFO perfrun.itt <> - detach itt controller done
1751 [140061427361472] INFO perfrun.tpss <> - stop tpss controller
1752 [140061427361472] INFO perfrun.sdk <> - De-allocating TMU: /home/yigit/Desktop/multicore_project/results/matmul_blocked_memory-consumption_threads_4/data.0/systemcollector-32386-yigit.home.sc
1752 [140061427361472] INFO perfrun.system <> - closed the system trace file: /home/yigit/Desktop/multicore_project/results/matmul_blocked_memory-consumption_threads_4/data.0/systemcollector-32386-yigit.home.sc
1752 [140061582998464] INFO perfrun.launcher <> - Launcher: all plugins were stopped.
1752 [140061582998464] INFO perfrun.launcher <> - DeadlineTimer is going to be destroyed
1752 [140061582998464] INFO perfrun.launcher <> - DeadlineTimer was destroyed
1752 [140061582998464] INFO perfrun.launcher <> - DirectoryMonitor object was destroyed
1752 [140061582998464] WARN perfrun.launcher <> - Stop command is ignored because it is received when collection is already stopped, at file: vcs/perfrun1/launcher/src/command_handler.cpp:226
1753 [140061582998464] INFO perfrun.launcher <> - Application exit code: 0
1753 [140061582998464] INFO perfrun.launcher <> - Exit code: 0
