0 [4130891520] INFO perfrun.launcher <> - Launcher main begin
0 [4130891520] INFO perfrun.launcher <> - MessageCatalogInit finished
0 [4130891520] INFO perfrun.launcher <> - Launcher instance created
0 [4130891520] INFO perfrun.launcher <> - argc = 6; cmdline = /opt/intel/oneapi/vtune/2025.0/bin32/amplxe-runss -dump-vdso -r /home/yigit/Documents/CS535_Multicore_Programming_Fall2024-25/multicore_project/vtune_results/matmul_naive_parallel_N4096_T8_threading --tmp-dir /tmp/amplxe-tmp-yigit 
12 [4130891520] INFO perfrun.launcher <> - create msngr2::ICliToolContext
12 [4130891520] INFO perfrun.launcher <> - create file finder object
15 [4130360128] INFO perfrun.launcher <> - plugin [remoteplug] was disabled because it doesn't support the given collection type.
15 [4130360128] INFO perfrun.launcher <> - plugin [] was disabled because it doesn't support the given collection type.
15 [4130360128] INFO perfrun.vdso <> - dumping [vdso] pseudomodule
15 [4130360128] INFO perfrun.launcher <> - plugin [] was disabled because it doesn't support the given collection type.
15 [4130360128] INFO perfrun.launcher <> - plugin [] was disabled because it doesn't support the given collection type.
15 [4130360128] INFO perfrun.launcher <> - plugin [] was disabled because it doesn't support the given collection type.
15 [4130360128] INFO perfrun.launcher <> - plugin [] was disabled because it doesn't support the given collection type.
15 [4130360128] INFO perfrun.launcher <> - plugin [] was disabled because it doesn't support the given collection type.
15 [4130360128] INFO perfrun.launcher <> - plugin [] was disabled because it doesn't support the given collection type.
15 [4130360128] INFO perfrun.launcher <> - plugin [] was disabled because it doesn't support the given collection type.
15 [4130360128] INFO perfrun.launcher <> - plugin [] was disabled because it doesn't support the given collection type.
15 [4130360128] INFO perfrun.launcher <> - plugin [] was disabled because it doesn't support the given collection type.
15 [4130360128] INFO perfrun.launcher <> - plugin [] was disabled because it doesn't support the given collection type.
15 [4130360128] INFO perfrun.launcher <> - plugin [] was disabled because it doesn't support the given collection type.
15 [4130360128] INFO perfrun.launcher <> - plugin [] was disabled because it doesn't support the given collection type.
15 [4130360128] INFO perfrun.launcher <> - plugin [] was disabled because it doesn't support the given collection type.
15 [4130360128] INFO perfrun.launcher <> - plugin [] was disabled because it doesn't support the given collection type.
15 [4130360128] INFO perfrun.launcher <> - plugin [] was disabled because it doesn't support the given collection type.
15 [4130360128] INFO perfrun.launcher <> - plugin [] was disabled because it doesn't support the given collection type.
15 [4130360128] INFO perfrun.launcher <> - plugin [] was disabled because it doesn't support the given collection type.
15 [4130360128] INFO perfrun.launcher <> - plugin [] was disabled because it doesn't support the given collection type.
15 [4130360128] INFO perfrun.launcher <> - plugin [] was disabled because it doesn't support the given collection type.
15 [4130360128] INFO perfrun.launcher <> - plugin [] was disabled because it doesn't support the given collection type.
15 [4130360128] INFO perfrun.launcher <> - plugin [] was disabled because it doesn't support the given collection type.
15 [4130360128] INFO perfrun.launcher <> - plugin [] was disabled because it doesn't support the given collection type.
15 [4130360128] INFO perfrun.launcher <> - plugin [] was disabled because it doesn't support the given collection type.
15 [4130360128] INFO perfrun.launcher <> - plugin [] was disabled because it doesn't support the given collection type.
15 [4130891520] INFO perfrun.launcher <> - Application exit code: 0
16 [4130891520] INFO perfrun.launcher <> - Exit code: 0
