0 [4130666240] INFO perfrun.launcher <> - Launcher main begin
0 [4130666240] INFO perfrun.launcher <> - MessageCatalogInit finished
0 [4130666240] INFO perfrun.launcher <> - Launcher instance created
0 [4130666240] INFO perfrun.launcher <> - argc = 6; cmdline = /opt/intel/oneapi/vtune/2025.0/bin32/amplxe-runss -dump-vdso -r /home/yigit/Documents/CS535_Multicore_Programming_Fall2024-25/multicore_project/vtune_results/matmul_blocked_parallel_N4096_T2_threading --tmp-dir /tmp/amplxe-tmp-yigit 
15 [4130666240] INFO perfrun.launcher <> - create msngr2::ICliToolContext
15 [4130666240] INFO perfrun.launcher <> - create file finder object
18 [4130134848] INFO perfrun.launcher <> - plugin [remoteplug] was disabled because it doesn't support the given collection type.
18 [4130134848] INFO perfrun.launcher <> - plugin [] was disabled because it doesn't support the given collection type.
18 [4130134848] INFO perfrun.vdso <> - dumping [vdso] pseudomodule
19 [4130134848] INFO perfrun.launcher <> - plugin [] was disabled because it doesn't support the given collection type.
19 [4130134848] INFO perfrun.launcher <> - plugin [] was disabled because it doesn't support the given collection type.
19 [4130134848] INFO perfrun.launcher <> - plugin [] was disabled because it doesn't support the given collection type.
19 [4130134848] INFO perfrun.launcher <> - plugin [] was disabled because it doesn't support the given collection type.
19 [4130134848] INFO perfrun.launcher <> - plugin [] was disabled because it doesn't support the given collection type.
19 [4130134848] INFO perfrun.launcher <> - plugin [] was disabled because it doesn't support the given collection type.
19 [4130134848] INFO perfrun.launcher <> - plugin [] was disabled because it doesn't support the given collection type.
19 [4130134848] INFO perfrun.launcher <> - plugin [] was disabled because it doesn't support the given collection type.
19 [4130134848] INFO perfrun.launcher <> - plugin [] was disabled because it doesn't support the given collection type.
19 [4130134848] INFO perfrun.launcher <> - plugin [] was disabled because it doesn't support the given collection type.
19 [4130134848] INFO perfrun.launcher <> - plugin [] was disabled because it doesn't support the given collection type.
19 [4130134848] INFO perfrun.launcher <> - plugin [] was disabled because it doesn't support the given collection type.
19 [4130134848] INFO perfrun.launcher <> - plugin [] was disabled because it doesn't support the given collection type.
19 [4130134848] INFO perfrun.launcher <> - plugin [] was disabled because it doesn't support the given collection type.
19 [4130134848] INFO perfrun.launcher <> - plugin [] was disabled because it doesn't support the given collection type.
19 [4130134848] INFO perfrun.launcher <> - plugin [] was disabled because it doesn't support the given collection type.
19 [4130134848] INFO perfrun.launcher <> - plugin [] was disabled because it doesn't support the given collection type.
19 [4130134848] INFO perfrun.launcher <> - plugin [] was disabled because it doesn't support the given collection type.
19 [4130134848] INFO perfrun.launcher <> - plugin [] was disabled because it doesn't support the given collection type.
19 [4130134848] INFO perfrun.launcher <> - plugin [] was disabled because it doesn't support the given collection type.
19 [4130134848] INFO perfrun.launcher <> - plugin [] was disabled because it doesn't support the given collection type.
19 [4130134848] INFO perfrun.launcher <> - plugin [] was disabled because it doesn't support the given collection type.
19 [4130134848] INFO perfrun.launcher <> - plugin [] was disabled because it doesn't support the given collection type.
19 [4130134848] INFO perfrun.launcher <> - plugin [] was disabled because it doesn't support the given collection type.
19 [4130666240] INFO perfrun.launcher <> - Application exit code: 0
19 [4130666240] INFO perfrun.launcher <> - Exit code: 0
