0 [139645019372480] INFO perfrun.launcher <> - Launcher main begin
0 [139645019372480] INFO perfrun.launcher <> - MessageCatalogInit finished
0 [139645019372480] INFO perfrun.launcher <> - Launcher instance created
0 [139645019372480] INFO perfrun.launcher <> - argc = 7; cmdline = /opt/intel/oneapi/vtune/2025.0/bin64/amplxe-runss --ui-output-format xml --ui-output-fd 5 --option-file /home/yigit/Desktop/multicore_project/results/matmul_naive_hotspots_threads_16/config/runss.options 
22 [139645019372480] INFO perfrun.perfcollector <> - SEP tool path: /opt/intel/oneapi/vtune/2025.0/bin64/sep
26 [139645019372480] INFO perfrun.launcher <> - create msngr2::ICliToolContext
26 [139645019372480] INFO perfrun.launcher <> - create file finder object
26 [139645019372480] INFO perfrun.launcher <> - create a result directory: pattern = /home/yigit/Desktop/multicore_project/results/matmul_naive_hotspots_threads_16 pid = 4294967295
26 [139645019372480] INFO perfrun.sdk <> - checked that the directory /home/yigit/Desktop/multicore_project/results/matmul_naive_hotspots_threads_16 is a local directory
26 [139645019372480] INFO perfrun.sdk <> - the directory /home/yigit/Desktop/multicore_project/results/matmul_naive_hotspots_threads_16 is a local directory with FS type ID 2435016766
26 [139645019372480] INFO perfrun.launcher <> - create data directory = /home/yigit/Desktop/multicore_project/results/matmul_naive_hotspots_threads_16/data.0
26 [139645019372480] INFO perfrun.launcher <> - Creating the master collection flag
37 [139645019372480] INFO perfrun.launcher <> - Done creating the master collection flag
37 [139644863768256] INFO perfrun.launcher <> - plugin [remoteplug] was disabled because it doesn't support the given collection type.
38 [139644863768256] INFO perfrun.sdk <> - Allocating TMU :/home/yigit/Desktop/multicore_project/results/matmul_naive_hotspots_threads_16/data.0/systemcollector-27700-yigit.home.sc
38 [139644863768256] INFO perfrun.system <> - Tpss based collection
38 [139644863768256] INFO perfrun.launcher <> - plugin [ptracecollector] was disabled because it doesn't support the given collection type.
38 [139644863768256] INFO perfrun.launcher <> - plugin [gpu] was disabled because it doesn't support the given collection type.
38 [139644863768256] INFO perfrun.launcher <> - plugin [] was disabled because it doesn't support the given collection type.
38 [139644863768256] INFO perfrun.launcher <> - plugin [] was disabled because it doesn't support the given collection type.
38 [139644863768256] INFO perfrun.launcher <> - plugin [] was disabled because it doesn't support the given collection type.
38 [139644863768256] INFO perfrun.mrte <> - system-wide mode is 0
38 [139644863768256] INFO perfrun.mrte <> - Getting  mrte profiling environment ...
42 [139644863768256] INFO perfrun.mrte <> - INTEL_MRTE_DATA_DIR=/home/yigit/Desktop/multicore_project/results/matmul_naive_hotspots_threads_16/data.0
42 [139644863768256] INFO perfrun.mrte <> - INTEL_MRTE_HOST_NAME=yigit.home
42 [139644863768256] INFO perfrun.mrte <> - JAVA_TOOL_OPTIONS=-agentlib:amplxe_samplingmrte_javaprof_1.0 -Dsun.boot.library.path=/opt/intel/oneapi/vtune/2025.0/lib32/runtime:/opt/intel/oneapi/vtune/2025.0/lib64/runtime
42 [139644863768256] INFO perfrun.mrte <> - LD_LIBRARY_PATH=/opt/intel/oneapi/vtune/2025.0/lib32/runtime:/opt/intel/oneapi/vtune/2025.0/lib64/runtime:/usr/local/lib:/usr/lib:/usr/local/lib:/usr/lib:
42 [139644863768256] INFO perfrun.mrte <> - CORECLR_ENABLE_PROFILING=1
42 [139644863768256] INFO perfrun.mrte <> - CORECLR_PROFILER={AA5E4821-E3B1-479c-B7FF-5AD047D22CED}
42 [139644863768256] INFO perfrun.mrte <> - CORECLR_PROFILER_PATH=/opt/intel/oneapi/vtune/2025.0/lib64/libamplxe_samplingmrte_clrprof_1.0.so
42 [139644863768256] INFO perfrun.mrte <> - INTEL_MRTE_PROFILER_MODE=mixed
42 [139644863768256] INFO perfrun.mrte <> - Data directory: /home/yigit/Desktop/multicore_project/results/matmul_naive_hotspots_threads_16/data.0
42 [139644863768256] INFO perfrun.mrte <> - Mrte plugin is initialized
42 [139644863768256] INFO perfrun.sdk <> - runCmd: /opt/intel/oneapi/vtune/2025.0/bin64/emon -v
43 [139644863768256] INFO perfrun.sdk <> - runCmd started PID 27704
154 [139644863768256] INFO perfrun.emon <> - Extracted TSC Frequency = 2.304e+09 from emon -v
154 [139644863768256] INFO perfrun.metrics <> - PMU type is tigerlake
154 [139644863768256] INFO perfrun.launcher <> - plugin [cuscol] was disabled because it doesn't support the given collection type.
154 [139644863768256] INFO perfrun.launcher <> - plugin [stdsrc] was disabled because it doesn't support the given collection type.
154 [139644863768256] INFO perfrun.launcher <> - plugin [sep] was disabled because it doesn't support the given collection type.
154 [139644863768256] INFO perfrun.launcher <> - plugin [vtsspp] was disabled because it doesn't support the given collection type.
154 [139644863768256] INFO perfrun.launcher <> - plugin [perf] was disabled because it doesn't support the given collection type.
154 [139644863768256] INFO perfrun.launcher <> - plugin [aoclprofile] was disabled because it doesn't support the given collection type.
154 [139644863768256] INFO perfrun.tpss <> - initialize tpss controller
154 [139644863768256] INFO perfrun.tpss <> - configure collection mode: value = cpu:counters:nostack
154 [139644863768256] INFO perfrun.tpss <> - configure collection mode: value = cpu:stack
154 [139644863768256] INFO perfrun.tpss <> - default obj-size-min=1024
154 [139644863768256] INFO perfrun.tpss <> - default hash-table-size=0
154 [139644863768256] INFO perfrun.launcher <> - plugin [media] was disabled because it doesn't support the given collection type.
154 [139644863768256] INFO perfrun.launcher <> - plugin [] was disabled because it doesn't support the given collection type.
154 [139644863768256] INFO perfrun.launcher <> - plugin [] was disabled because it doesn't support the given collection type.
154 [139644863768256] INFO perfrun.launcher <> - plugin [parallelfs] was disabled because it doesn't support the given collection type.
154 [139644863768256] INFO perfrun.launcher <> - plugin [power] was disabled because it doesn't support the given collection type.
154 [139644863768256] INFO perfrun.launcher <> - plugin [] was disabled because it doesn't support the given collection type.
154 [139644863768256] INFO perfrun.launcher <> - plugin [ipmwatch] was disabled because it doesn't support the given collection type.
154 [139644863768256] INFO perfrun.launcher <> - plugin [os_counters] was disabled because it doesn't support the given collection type.
154 [139644863768256] INFO perfrun.launcher <> - plugin [l0_metrics] was disabled because it doesn't support the given collection type.
155 [139645019372480] INFO perfrun.launcher <> - set environment variable: LD_LIBRARY_PATH = /opt/intel/oneapi/vtune/2025.0/lib32/runtime:/opt/intel/oneapi/vtune/2025.0/lib64/runtime:/usr/local/lib:/usr/lib:/usr/local/lib:/usr/lib:
155 [139645019372480] INFO perfrun.launcher <> - set environment variable: INTEL_LIBITTNOTIFY32 = /opt/intel/oneapi/vtune/2025.0/lib32/runtime/libittnotify_collector.so
155 [139645019372480] INFO perfrun.launcher <> - set environment variable: INTEL_LIBITTNOTIFY64 = /opt/intel/oneapi/vtune/2025.0/lib64/runtime/libittnotify_collector.so
155 [139645019372480] INFO perfrun.launcher <> - set environment variable: INTEL_ITTNOTIFY_GROUPS = 
155 [139645019372480] INFO perfrun.launcher <> - set environment variable: INTEL_JIT_PROFILER32 = /opt/intel/oneapi/vtune/2025.0/lib32/runtime/libittnotify_collector.so
155 [139645019372480] INFO perfrun.launcher <> - set environment variable: INTEL_JIT_PROFILER64 = /opt/intel/oneapi/vtune/2025.0/lib64/runtime/libittnotify_collector.so
155 [139645019372480] INFO perfrun.launcher <> - set environment variable: CCL_ITT_LEVEL = 1
155 [139645019372480] INFO perfrun.launcher <> - set environment variable: ENABLE_JITPROFILING = 1
155 [139645019372480] INFO perfrun.launcher <> - set environment variable: CL_CONFIG_USE_VTUNE = True
155 [139645019372480] INFO perfrun.launcher <> - set environment variable: KMP_FORKJOIN_FRAMES = 0
155 [139645019372480] INFO perfrun.launcher <> - set environment variable: KMP_FORKJOIN_FRAMES_MODE = 0
155 [139645019372480] INFO perfrun.launcher <> - set environment variable: INTEL_MRTE_DATA_DIR = /home/yigit/Desktop/multicore_project/results/matmul_naive_hotspots_threads_16/data.0
155 [139645019372480] INFO perfrun.launcher <> - set environment variable: INTEL_MRTE_HOST_NAME = yigit.home
155 [139645019372480] INFO perfrun.launcher <> - set environment variable: JAVA_TOOL_OPTIONS = -agentlib:amplxe_samplingmrte_javaprof_1.0 -Dsun.boot.library.path=/opt/intel/oneapi/vtune/2025.0/lib32/runtime:/opt/intel/oneapi/vtune/2025.0/lib64/runtime
155 [139645019372480] INFO perfrun.launcher <> - set environment variable: LD_LIBRARY_PATH = /opt/intel/oneapi/vtune/2025.0/lib32/runtime:/opt/intel/oneapi/vtune/2025.0/lib64/runtime:/usr/local/lib:/usr/lib:/usr/local/lib:/usr/lib:
155 [139645019372480] INFO perfrun.launcher <> - set environment variable: CORECLR_ENABLE_PROFILING = 1
155 [139645019372480] INFO perfrun.launcher <> - set environment variable: CORECLR_PROFILER = {AA5E4821-E3B1-479c-B7FF-5AD047D22CED}
155 [139645019372480] INFO perfrun.launcher <> - set environment variable: CORECLR_PROFILER_PATH = /opt/intel/oneapi/vtune/2025.0/lib64/libamplxe_samplingmrte_clrprof_1.0.so
155 [139645019372480] INFO perfrun.launcher <> - set environment variable: INTEL_MRTE_PROFILER_MODE = mixed
155 [139645019372480] INFO perfrun.launcher <> - RpcServer: run RPC server to handle requests
155 [139645019372480] INFO perfrun.launcher <> - Launcher: command line to start before modification = ./bin/matmul_naive 2048 16
155 [139645019372480] INFO perfrun.launcher <> - Launcher: command line to start after modification = /opt/intel/oneapi/vtune/2025.0/bin64/pin -error_file /home/yigit/Desktop/multicore_project/results/matmul_naive_hotspots_threads_16/data.0/pinerr.tpsslog -detach_reattach -follow_execv -tool_load_option deepbind -t64 /opt/intel/oneapi/vtune/2025.0/lib64/libtpsstool.so -t /opt/intel/oneapi/vtune/2025.0/lib32/libtpsstool.so -server_name tpss_ipc.27700 -prd_dir /opt/intel/oneapi/vtune/2025.0 -- ./bin/matmul_naive 2048 16
155 [139645019372480] INFO perfrun.launcher <> - ProcessCreator object was created
156 [139645019372480] INFO perfrun.launcher <> - Launcher: the process was started in suspend mode
157 [139644863768256] WARN perfrun.system <> - Could not do anything with /sys/kernel/debug/kvm: boost::filesystem::status: Permission denied [system:13]: "/sys/kernel/debug/kvm", at file: vcs/perfrun1/plugins/system/src/trace_writer.cpp:787
157 [139644863768256] WARN perfrun.sdk <> - Failed to find xl binary on any of the system paths: /bin, /sbin, /usr/bin, /usr/sbin., at file: vcs/perfrun1/sdk/src/utils.cpp:205
157 [139644863768256] WARN perfrun.system <> - Could not start ContainerMapping collector, at file: vcs/perfrun1/plugins/system/src/controller.cpp:450
179 [139644863768256] INFO perfrun.vdso <> - Helper runtool '/opt/intel/oneapi/vtune/2025.0/bin32/amplxe-runss -dump-vdso -r /home/yigit/Desktop/multicore_project/results/matmul_naive_hotspots_threads_16 --tmp-dir /tmp/amplxe-tmp-yigit' returned 0
216 [139644863768256] INFO perfrun.vdso <> - Helper runtool '/opt/intel/oneapi/vtune/2025.0/bin64/amplxe-runss -dump-vdso -r /home/yigit/Desktop/multicore_project/results/matmul_naive_hotspots_threads_16 --tmp-dir /tmp/amplxe-tmp-yigit' returned 0
216 [139644863768256] INFO perfrun.itt <> - start itt controller for pid #27708
217 [139644863768256] INFO perfrun.sdk <> - runCmd: /opt/intel/oneapi/vtune/2025.0/bin64/emon -M
217 [139644863768256] INFO perfrun.sdk <> - runCmd started PID 27715
326 [139644863768256] INFO perfrun.sdk <> - runCmd: /opt/intel/oneapi/vtune/2025.0/bin64/emon -v
326 [139644863768256] INFO perfrun.sdk <> - runCmd started PID 27716
438 [139644863768256] INFO perfrun.sdk <> - runCmd: /opt/intel/oneapi/vtune/2025.0/bin64/sep -dry-run -ec CPU_CLK_UNHALTED.THREAD,CPU_CLK_UNHALTED.REF_TSC:sample:sa=2300000,INST_RETIRED.ANY:sample:sa=2300000,CPU_CLK_UNHALTED.DISTRIBUTED,FP_ARITH_INST_RETIRED.SCALAR_SINGLE,FP_ARITH_INST_RETIRED.128B_PACKED_SINGLE,FP_ARITH_INST_RETIRED.256B_PACKED_SINGLE,FP_ARITH_INST_RETIRED.SCALAR_DOUBLE,FP_ARITH_INST_RETIRED.128B_PACKED_DOUBLE,FP_ARITH_INST_RETIRED.256B_PACKED_DOUBLE,UOPS_EXECUTED.X87,UOPS_RETIRED.SLOTS,UOPS_EXECUTED.THREAD,FP_ARITH_INST_RETIRED.512B_PACKED_DOUBLE,FP_ARITH_INST_RETIRED.512B_PACKED_SINGLE,TOPDOWN.SLOTS:perf_metrics:sample:sa=2000003 -experimental
439 [139644863768256] INFO perfrun.sdk <> - runCmd started PID 27718
547 [139644863768256] INFO perfrun.emon <> - Spawned collector thread
547 [139644838590144] INFO perfrun.sdk <> - runCmd: /opt/intel/oneapi/vtune/2025.0/bin64/emon -u -t 0.050 -l0 -C CPU_CLK_UNHALTED.DISTRIBUTED,CPU_CLK_UNHALTED.REF_TSC,CPU_CLK_UNHALTED.THREAD,FP_ARITH_INST_RETIRED.128B_PACKED_DOUBLE,FP_ARITH_INST_RETIRED.128B_PACKED_SINGLE,FP_ARITH_INST_RETIRED.256B_PACKED_DOUBLE,FP_ARITH_INST_RETIRED.256B_PACKED_SINGLE,FP_ARITH_INST_RETIRED.512B_PACKED_DOUBLE,FP_ARITH_INST_RETIRED.512B_PACKED_SINGLE,FP_ARITH_INST_RETIRED.SCALAR_DOUBLE,FP_ARITH_INST_RETIRED.SCALAR_SINGLE,INST_RETIRED.ANY,TOPDOWN.SLOTS:perf_metrics,UOPS_EXECUTED.THREAD,UOPS_EXECUTED.X87,UOPS_RETIRED.SLOTS -experimental
548 [139644838590144] INFO perfrun.sdk <> - runCmd started PID 27721
810 [139644863768256] INFO perfrun.tpss <> - start tpss controller for pid #27708
860 [139645019372480] INFO perfrun.launcher <> - Launcher: all plugins were started
861 [139645019372480] INFO perfrun.launcher <> - DirectoryMonitor object was created
861 [139645019372480] INFO perfrun.launcher <> - DirectoryMonitor: a callback was added
861 [139645019372480] INFO perfrun.launcher <> - DirectoryMonitor was started with pingTime = 1000
861 [139645019372480] INFO perfrun.launcher <> - DeadlineTimer is going to be constructed
861 [139645019372480] INFO perfrun.launcher <> - DeadlineTimer: a callback was added
867 [139645019372480] INFO perfrun.launcher <> - Launcher: resume the profiled application and  wait its termination or stop command
6984 [139645019372480] INFO perfrun.launcher <> - Launcher: the profiled application was terminated  with exit code = 0
6987 [139644863768256] INFO perfrun.itt <> - detach itt controller
6987 [139644863768256] INFO perfrun.itt <> - detach itt controller done
6987 [139644863768256] INFO perfrun.sdk <> - runCmd: /opt/intel/oneapi/vtune/2025.0/bin64/emon -stop
6988 [139644863768256] INFO perfrun.sdk <> - runCmd started PID 27755
7152 [139644863768256] INFO perfrun.emon <> - EMON collector successfully stopped.

7154 [139644838590144] WARN perfrun.emon_output <> - TimeKeeper: the time is being asked while the time keeper object is armed. This may mean that the time for the last group is getting reused as the time for this group
7154 [139644838590144] INFO perfrun.emon_output <> - Collector process exited successfully
7154 [139644863768256] INFO perfrun.tpss <> - stop tpss controller
7155 [139644863768256] INFO perfrun.sdk <> - De-allocating TMU: /home/yigit/Desktop/multicore_project/results/matmul_naive_hotspots_threads_16/data.0/systemcollector-27700-yigit.home.sc
7155 [139644863768256] INFO perfrun.system <> - closed the system trace file: /home/yigit/Desktop/multicore_project/results/matmul_naive_hotspots_threads_16/data.0/systemcollector-27700-yigit.home.sc
7155 [139645019372480] INFO perfrun.launcher <> - Launcher: all plugins were stopped.
7155 [139645019372480] INFO perfrun.launcher <> - DeadlineTimer is going to be destroyed
7155 [139645019372480] INFO perfrun.launcher <> - DeadlineTimer was destroyed
7155 [139645019372480] INFO perfrun.launcher <> - DirectoryMonitor object was destroyed
7155 [139645019372480] WARN perfrun.launcher <> - Stop command is ignored because it is received when collection is already stopped, at file: vcs/perfrun1/launcher/src/command_handler.cpp:226
7155 [139645019372480] INFO perfrun.launcher <> - Application exit code: 0
7155 [139645019372480] INFO perfrun.launcher <> - Exit code: 0
