0 [140267536083904] INFO perfrun.launcher <> - Launcher main begin
0 [140267536083904] INFO perfrun.launcher <> - MessageCatalogInit finished
0 [140267536083904] INFO perfrun.launcher <> - Launcher instance created
0 [140267536083904] INFO perfrun.launcher <> - argc = 7; cmdline = /opt/intel/oneapi/vtune/2025.0/bin64/amplxe-runss --ui-output-format xml --ui-output-fd 5 --option-file /home/yigit/Documents/CS535_Multicore_Programming_Fall2024-25/multicore_project/vtune_results/matmul_blocked_seq_N2048_threading/config/runss.options 
22 [140267536083904] INFO perfrun.perfcollector <> - SEP tool path: /opt/intel/oneapi/vtune/2025.0/bin64/sep
26 [140267536083904] INFO perfrun.launcher <> - create msngr2::ICliToolContext
26 [140267536083904] INFO perfrun.launcher <> - create file finder object
26 [140267536083904] INFO perfrun.launcher <> - create a result directory: pattern = /home/yigit/Documents/CS535_Multicore_Programming_Fall2024-25/multicore_project/vtune_results/matmul_blocked_seq_N2048_threading pid = 4294967295
26 [140267536083904] INFO perfrun.sdk <> - checked that the directory /home/yigit/Documents/CS535_Multicore_Programming_Fall2024-25/multicore_project/vtune_results/matmul_blocked_seq_N2048_threading is a local directory
26 [140267536083904] INFO perfrun.sdk <> - the directory /home/yigit/Documents/CS535_Multicore_Programming_Fall2024-25/multicore_project/vtune_results/matmul_blocked_seq_N2048_threading is a local directory with FS type ID 2435016766
26 [140267536083904] INFO perfrun.launcher <> - create data directory = /home/yigit/Documents/CS535_Multicore_Programming_Fall2024-25/multicore_project/vtune_results/matmul_blocked_seq_N2048_threading/data.0
26 [140267536083904] INFO perfrun.launcher <> - Creating the master collection flag
32 [140267536083904] INFO perfrun.launcher <> - Done creating the master collection flag
33 [140267380270784] INFO perfrun.launcher <> - plugin [remoteplug] was disabled because it doesn't support the given collection type.
33 [140267380270784] INFO perfrun.sdk <> - Allocating TMU :/home/yigit/Documents/CS535_Multicore_Programming_Fall2024-25/multicore_project/vtune_results/matmul_blocked_seq_N2048_threading/data.0/systemcollector-9025-fedora.sc
33 [140267380270784] INFO perfrun.system <> - Tpss based collection
33 [140267380270784] INFO perfrun.launcher <> - plugin [ptracecollector] was disabled because it doesn't support the given collection type.
33 [140267380270784] INFO perfrun.launcher <> - plugin [gpu] was disabled because it doesn't support the given collection type.
33 [140267380270784] INFO perfrun.launcher <> - plugin [] was disabled because it doesn't support the given collection type.
33 [140267380270784] INFO perfrun.launcher <> - plugin [] was disabled because it doesn't support the given collection type.
33 [140267380270784] INFO perfrun.launcher <> - plugin [] was disabled because it doesn't support the given collection type.
33 [140267380270784] INFO perfrun.mrte <> - system-wide mode is 0
33 [140267380270784] INFO perfrun.mrte <> - Getting  mrte profiling environment ...
38 [140267380270784] INFO perfrun.mrte <> - INTEL_MRTE_DATA_DIR=/home/yigit/Documents/CS535_Multicore_Programming_Fall2024-25/multicore_project/vtune_results/matmul_blocked_seq_N2048_threading/data.0
38 [140267380270784] INFO perfrun.mrte <> - INTEL_MRTE_HOST_NAME=fedora
38 [140267380270784] INFO perfrun.mrte <> - JAVA_TOOL_OPTIONS=-agentlib:amplxe_samplingmrte_javaprof_1.0 -Dsun.boot.library.path=/opt/intel/oneapi/vtune/2025.0/lib32/runtime:/opt/intel/oneapi/vtune/2025.0/lib64/runtime
38 [140267380270784] INFO perfrun.mrte <> - LD_LIBRARY_PATH=/opt/intel/oneapi/vtune/2025.0/lib32/runtime:/opt/intel/oneapi/vtune/2025.0/lib64/runtime:/usr/local/lib:/usr/lib:/usr/local/lib:/usr/lib:
38 [140267380270784] INFO perfrun.mrte <> - CORECLR_ENABLE_PROFILING=1
38 [140267380270784] INFO perfrun.mrte <> - CORECLR_PROFILER={AA5E4821-E3B1-479c-B7FF-5AD047D22CED}
38 [140267380270784] INFO perfrun.mrte <> - CORECLR_PROFILER_PATH=/opt/intel/oneapi/vtune/2025.0/lib64/libamplxe_samplingmrte_clrprof_1.0.so
38 [140267380270784] INFO perfrun.mrte <> - INTEL_MRTE_PROFILER_MODE=mixed
38 [140267380270784] INFO perfrun.mrte <> - Data directory: /home/yigit/Documents/CS535_Multicore_Programming_Fall2024-25/multicore_project/vtune_results/matmul_blocked_seq_N2048_threading/data.0
38 [140267380270784] INFO perfrun.mrte <> - Mrte plugin is initialized
38 [140267380270784] INFO perfrun.launcher <> - plugin [emon] was disabled because it doesn't support the given collection type.
38 [140267380270784] INFO perfrun.launcher <> - plugin [cuscol] was disabled because it doesn't support the given collection type.
38 [140267380270784] INFO perfrun.launcher <> - plugin [stdsrc] was disabled because it doesn't support the given collection type.
38 [140267380270784] INFO perfrun.launcher <> - plugin [sep] was disabled because it doesn't support the given collection type.
38 [140267380270784] INFO perfrun.launcher <> - plugin [vtsspp] was disabled because it doesn't support the given collection type.
38 [140267380270784] INFO perfrun.launcher <> - plugin [perf] was disabled because it doesn't support the given collection type.
38 [140267380270784] INFO perfrun.launcher <> - plugin [aoclprofile] was disabled because it doesn't support the given collection type.
38 [140267380270784] INFO perfrun.tpss <> - initialize tpss controller
38 [140267380270784] INFO perfrun.tpss <> - configure collection mode: value = cpu:counters:nostack
38 [140267380270784] INFO perfrun.tpss <> - configure collection mode: value = cpu:stack
38 [140267380270784] INFO perfrun.tpss <> - configure collection mode: value = threading:stack
38 [140267380270784] INFO perfrun.tpss <> - configure collection mode: value = waiting:stack
38 [140267380270784] INFO perfrun.tpss <> - configure collection mode: value = io:stack
38 [140267380270784] INFO perfrun.tpss <> - default obj-size-min=1024
38 [140267380270784] INFO perfrun.tpss <> - default hash-table-size=0
38 [140267380270784] INFO perfrun.launcher <> - plugin [media] was disabled because it doesn't support the given collection type.
38 [140267380270784] INFO perfrun.launcher <> - plugin [] was disabled because it doesn't support the given collection type.
38 [140267380270784] INFO perfrun.launcher <> - plugin [] was disabled because it doesn't support the given collection type.
38 [140267380270784] INFO perfrun.launcher <> - plugin [parallelfs] was disabled because it doesn't support the given collection type.
38 [140267380270784] INFO perfrun.launcher <> - plugin [power] was disabled because it doesn't support the given collection type.
38 [140267380270784] INFO perfrun.launcher <> - plugin [] was disabled because it doesn't support the given collection type.
38 [140267380270784] INFO perfrun.launcher <> - plugin [ipmwatch] was disabled because it doesn't support the given collection type.
38 [140267380270784] INFO perfrun.launcher <> - plugin [os_counters] was disabled because it doesn't support the given collection type.
38 [140267380270784] INFO perfrun.launcher <> - plugin [l0_metrics] was disabled because it doesn't support the given collection type.
38 [140267536083904] INFO perfrun.launcher <> - set environment variable: LD_LIBRARY_PATH = /opt/intel/oneapi/vtune/2025.0/lib32/runtime:/opt/intel/oneapi/vtune/2025.0/lib64/runtime:/usr/local/lib:/usr/lib:/usr/local/lib:/usr/lib:
38 [140267536083904] INFO perfrun.launcher <> - set environment variable: INTEL_LIBITTNOTIFY32 = /opt/intel/oneapi/vtune/2025.0/lib32/runtime/libittnotify_collector.so
38 [140267536083904] INFO perfrun.launcher <> - set environment variable: INTEL_LIBITTNOTIFY64 = /opt/intel/oneapi/vtune/2025.0/lib64/runtime/libittnotify_collector.so
38 [140267536083904] INFO perfrun.launcher <> - set environment variable: INTEL_ITTNOTIFY_GROUPS = 
38 [140267536083904] INFO perfrun.launcher <> - set environment variable: INTEL_JIT_PROFILER32 = /opt/intel/oneapi/vtune/2025.0/lib32/runtime/libittnotify_collector.so
38 [140267536083904] INFO perfrun.launcher <> - set environment variable: INTEL_JIT_PROFILER64 = /opt/intel/oneapi/vtune/2025.0/lib64/runtime/libittnotify_collector.so
38 [140267536083904] INFO perfrun.launcher <> - set environment variable: OMP_TOOL_LIBRARIES = /opt/intel/oneapi/vtune/2025.0/lib32/runtime/libittnotify_collector.so:/opt/intel/oneapi/vtune/2025.0/lib64/runtime/libittnotify_collector.so
38 [140267536083904] INFO perfrun.launcher <> - set environment variable: CCL_ITT_LEVEL = 1
38 [140267536083904] INFO perfrun.launcher <> - set environment variable: ENABLE_JITPROFILING = 1
38 [140267536083904] INFO perfrun.launcher <> - set environment variable: CL_CONFIG_USE_VTUNE = True
38 [140267536083904] INFO perfrun.launcher <> - set environment variable: INTEL_MRTE_DATA_DIR = /home/yigit/Documents/CS535_Multicore_Programming_Fall2024-25/multicore_project/vtune_results/matmul_blocked_seq_N2048_threading/data.0
38 [140267536083904] INFO perfrun.launcher <> - set environment variable: INTEL_MRTE_HOST_NAME = fedora
38 [140267536083904] INFO perfrun.launcher <> - set environment variable: JAVA_TOOL_OPTIONS = -agentlib:amplxe_samplingmrte_javaprof_1.0 -Dsun.boot.library.path=/opt/intel/oneapi/vtune/2025.0/lib32/runtime:/opt/intel/oneapi/vtune/2025.0/lib64/runtime
38 [140267536083904] INFO perfrun.launcher <> - set environment variable: LD_LIBRARY_PATH = /opt/intel/oneapi/vtune/2025.0/lib32/runtime:/opt/intel/oneapi/vtune/2025.0/lib64/runtime:/usr/local/lib:/usr/lib:/usr/local/lib:/usr/lib:
38 [140267536083904] INFO perfrun.launcher <> - set environment variable: CORECLR_ENABLE_PROFILING = 1
38 [140267536083904] INFO perfrun.launcher <> - set environment variable: CORECLR_PROFILER = {AA5E4821-E3B1-479c-B7FF-5AD047D22CED}
38 [140267536083904] INFO perfrun.launcher <> - set environment variable: CORECLR_PROFILER_PATH = /opt/intel/oneapi/vtune/2025.0/lib64/libamplxe_samplingmrte_clrprof_1.0.so
38 [140267536083904] INFO perfrun.launcher <> - set environment variable: INTEL_MRTE_PROFILER_MODE = mixed
38 [140267536083904] INFO perfrun.launcher <> - RpcServer: run RPC server to handle requests
38 [140267536083904] INFO perfrun.launcher <> - Launcher: command line to start before modification = ../bin/matmul_blocked_seq 2048 64
38 [140267536083904] INFO perfrun.launcher <> - Launcher: command line to start after modification = /opt/intel/oneapi/vtune/2025.0/bin64/pin -error_file /home/yigit/Documents/CS535_Multicore_Programming_Fall2024-25/multicore_project/vtune_results/matmul_blocked_seq_N2048_threading/data.0/pinerr.tpsslog -detach_reattach -follow_execv -tool_load_option deepbind -t64 /opt/intel/oneapi/vtune/2025.0/lib64/libtpsstool.so -t /opt/intel/oneapi/vtune/2025.0/lib32/libtpsstool.so -server_name tpss_ipc.9025 -prd_dir /opt/intel/oneapi/vtune/2025.0 -- ../bin/matmul_blocked_seq 2048 64
38 [140267536083904] INFO perfrun.launcher <> - ProcessCreator object was created
39 [140267536083904] INFO perfrun.launcher <> - Launcher: the process was started in suspend mode
40 [140267380270784] WARN perfrun.system <> - Could not do anything with /sys/kernel/debug/kvm: boost::filesystem::status: Permission denied [system:13]: "/sys/kernel/debug/kvm", at file: vcs/perfrun1/plugins/system/src/trace_writer.cpp:787
40 [140267380270784] WARN perfrun.sdk <> - Failed to find xl binary on any of the system paths: /bin, /sbin, /usr/bin, /usr/sbin., at file: vcs/perfrun1/sdk/src/utils.cpp:205
41 [140267380270784] WARN perfrun.system <> - Could not start ContainerMapping collector, at file: vcs/perfrun1/plugins/system/src/controller.cpp:450
61 [140267380270784] INFO perfrun.vdso <> - Helper runtool '/opt/intel/oneapi/vtune/2025.0/bin32/amplxe-runss -dump-vdso -r /home/yigit/Documents/CS535_Multicore_Programming_Fall2024-25/multicore_project/vtune_results/matmul_blocked_seq_N2048_threading --tmp-dir /tmp/amplxe-tmp-yigit' returned 0
99 [140267380270784] INFO perfrun.vdso <> - Helper runtool '/opt/intel/oneapi/vtune/2025.0/bin64/amplxe-runss -dump-vdso -r /home/yigit/Documents/CS535_Multicore_Programming_Fall2024-25/multicore_project/vtune_results/matmul_blocked_seq_N2048_threading --tmp-dir /tmp/amplxe-tmp-yigit' returned 0
99 [140267380270784] INFO perfrun.itt <> - start itt controller for pid #9089
99 [140267380270784] INFO perfrun.tpss <> - start tpss controller for pid #9089
150 [140267536083904] INFO perfrun.launcher <> - Launcher: all plugins were started
150 [140267536083904] INFO perfrun.launcher <> - DirectoryMonitor object was created
150 [140267536083904] INFO perfrun.launcher <> - DirectoryMonitor: a callback was added
150 [140267536083904] INFO perfrun.launcher <> - DirectoryMonitor was started with pingTime = 1000
150 [140267536083904] INFO perfrun.launcher <> - DeadlineTimer is going to be constructed
150 [140267536083904] INFO perfrun.launcher <> - DeadlineTimer: a callback was added
164 [140267536083904] INFO perfrun.launcher <> - Launcher: resume the profiled application and  wait its termination or stop command
6584 [140267536083904] INFO perfrun.launcher <> - Launcher: the profiled application was terminated  with exit code = 0
6586 [140267380270784] INFO perfrun.itt <> - detach itt controller
6586 [140267380270784] INFO perfrun.itt <> - detach itt controller done
6586 [140267380270784] INFO perfrun.tpss <> - stop tpss controller
6586 [140267380270784] INFO perfrun.sdk <> - De-allocating TMU: /home/yigit/Documents/CS535_Multicore_Programming_Fall2024-25/multicore_project/vtune_results/matmul_blocked_seq_N2048_threading/data.0/systemcollector-9025-fedora.sc
6586 [140267380270784] INFO perfrun.system <> - closed the system trace file: /home/yigit/Documents/CS535_Multicore_Programming_Fall2024-25/multicore_project/vtune_results/matmul_blocked_seq_N2048_threading/data.0/systemcollector-9025-fedora.sc
6586 [140267536083904] INFO perfrun.launcher <> - Launcher: all plugins were stopped.
6586 [140267536083904] INFO perfrun.launcher <> - DeadlineTimer is going to be destroyed
6586 [140267536083904] INFO perfrun.launcher <> - DeadlineTimer was destroyed
6586 [140267536083904] INFO perfrun.launcher <> - DirectoryMonitor object was destroyed
6586 [140267536083904] WARN perfrun.launcher <> - Stop command is ignored because it is received when collection is already stopped, at file: vcs/perfrun1/launcher/src/command_handler.cpp:226
6587 [140267536083904] INFO perfrun.launcher <> - Application exit code: 0
6587 [140267536083904] INFO perfrun.launcher <> - Exit code: 0
