0 [4130072320] INFO perfrun.launcher <> - Launcher main begin
0 [4130072320] INFO perfrun.launcher <> - MessageCatalogInit finished
0 [4130072320] INFO perfrun.launcher <> - Launcher instance created
0 [4130072320] INFO perfrun.launcher <> - argc = 6; cmdline = /opt/intel/oneapi/vtune/2025.0/bin32/amplxe-runss -dump-vdso -r /home/yigit/Desktop/multicore_project/results/matmul_blocked_memory-consumption_threads_8 --tmp-dir /tmp/amplxe-tmp-yigit 
11 [4130072320] INFO perfrun.launcher <> - create msngr2::ICliToolContext
11 [4130072320] INFO perfrun.launcher <> - create file finder object
14 [4129540928] INFO perfrun.launcher <> - plugin [remoteplug] was disabled because it doesn't support the given collection type.
14 [4129540928] INFO perfrun.launcher <> - plugin [] was disabled because it doesn't support the given collection type.
14 [4129540928] INFO perfrun.vdso <> - dumping [vdso] pseudomodule
14 [4129540928] INFO perfrun.launcher <> - plugin [] was disabled because it doesn't support the given collection type.
14 [4129540928] INFO perfrun.launcher <> - plugin [] was disabled because it doesn't support the given collection type.
14 [4129540928] INFO perfrun.launcher <> - plugin [] was disabled because it doesn't support the given collection type.
14 [4129540928] INFO perfrun.launcher <> - plugin [] was disabled because it doesn't support the given collection type.
14 [4129540928] INFO perfrun.launcher <> - plugin [] was disabled because it doesn't support the given collection type.
14 [4129540928] INFO perfrun.launcher <> - plugin [] was disabled because it doesn't support the given collection type.
14 [4129540928] INFO perfrun.launcher <> - plugin [] was disabled because it doesn't support the given collection type.
14 [4129540928] INFO perfrun.launcher <> - plugin [] was disabled because it doesn't support the given collection type.
14 [4129540928] INFO perfrun.launcher <> - plugin [] was disabled because it doesn't support the given collection type.
14 [4129540928] INFO perfrun.launcher <> - plugin [] was disabled because it doesn't support the given collection type.
14 [4129540928] INFO perfrun.launcher <> - plugin [] was disabled because it doesn't support the given collection type.
14 [4129540928] INFO perfrun.launcher <> - plugin [] was disabled because it doesn't support the given collection type.
14 [4129540928] INFO perfrun.launcher <> - plugin [] was disabled because it doesn't support the given collection type.
14 [4129540928] INFO perfrun.launcher <> - plugin [] was disabled because it doesn't support the given collection type.
14 [4129540928] INFO perfrun.launcher <> - plugin [] was disabled because it doesn't support the given collection type.
14 [4129540928] INFO perfrun.launcher <> - plugin [] was disabled because it doesn't support the given collection type.
14 [4129540928] INFO perfrun.launcher <> - plugin [] was disabled because it doesn't support the given collection type.
14 [4129540928] INFO perfrun.launcher <> - plugin [] was disabled because it doesn't support the given collection type.
14 [4129540928] INFO perfrun.launcher <> - plugin [] was disabled because it doesn't support the given collection type.
14 [4129540928] INFO perfrun.launcher <> - plugin [] was disabled because it doesn't support the given collection type.
14 [4129540928] INFO perfrun.launcher <> - plugin [] was disabled because it doesn't support the given collection type.
14 [4129540928] INFO perfrun.launcher <> - plugin [] was disabled because it doesn't support the given collection type.
14 [4129540928] INFO perfrun.launcher <> - plugin [] was disabled because it doesn't support the given collection type.
14 [4129540928] INFO perfrun.launcher <> - plugin [] was disabled because it doesn't support the given collection type.
14 [4130072320] INFO perfrun.launcher <> - Application exit code: 0
14 [4130072320] INFO perfrun.launcher <> - Exit code: 0
