0 [140625060522944] INFO perfrun.launcher <> - Launcher main begin
0 [140625060522944] INFO perfrun.launcher <> - MessageCatalogInit finished
0 [140625060522944] INFO perfrun.launcher <> - Launcher instance created
0 [140625060522944] INFO perfrun.launcher <> - argc = 7; cmdline = /opt/intel/oneapi/vtune/2025.0/bin64/amplxe-runss --ui-output-format xml --ui-output-fd 5 --option-file /home/yigit/Desktop/multicore_project/results/matmul_unrolled_hotspots_threads_4/config/runss.options 
23 [140625060522944] INFO perfrun.perfcollector <> - SEP tool path: /opt/intel/oneapi/vtune/2025.0/bin64/sep
26 [140625060522944] INFO perfrun.launcher <> - create msngr2::ICliToolContext
26 [140625060522944] INFO perfrun.launcher <> - create file finder object
26 [140625060522944] INFO perfrun.launcher <> - create a result directory: pattern = /home/yigit/Desktop/multicore_project/results/matmul_unrolled_hotspots_threads_4 pid = 4294967295
27 [140625060522944] INFO perfrun.sdk <> - checked that the directory /home/yigit/Desktop/multicore_project/results/matmul_unrolled_hotspots_threads_4 is a local directory
27 [140625060522944] INFO perfrun.sdk <> - the directory /home/yigit/Desktop/multicore_project/results/matmul_unrolled_hotspots_threads_4 is a local directory with FS type ID 2435016766
27 [140625060522944] INFO perfrun.launcher <> - create data directory = /home/yigit/Desktop/multicore_project/results/matmul_unrolled_hotspots_threads_4/data.0
27 [140625060522944] INFO perfrun.launcher <> - Creating the master collection flag
32 [140625060522944] INFO perfrun.launcher <> - Done creating the master collection flag
33 [140624904840896] INFO perfrun.launcher <> - plugin [remoteplug] was disabled because it doesn't support the given collection type.
33 [140624904840896] INFO perfrun.sdk <> - Allocating TMU :/home/yigit/Desktop/multicore_project/results/matmul_unrolled_hotspots_threads_4/data.0/systemcollector-30190-yigit.home.sc
33 [140624904840896] INFO perfrun.system <> - Tpss based collection
33 [140624904840896] INFO perfrun.launcher <> - plugin [ptracecollector] was disabled because it doesn't support the given collection type.
33 [140624904840896] INFO perfrun.launcher <> - plugin [gpu] was disabled because it doesn't support the given collection type.
33 [140624904840896] INFO perfrun.launcher <> - plugin [] was disabled because it doesn't support the given collection type.
33 [140624904840896] INFO perfrun.launcher <> - plugin [] was disabled because it doesn't support the given collection type.
33 [140624904840896] INFO perfrun.launcher <> - plugin [] was disabled because it doesn't support the given collection type.
33 [140624904840896] INFO perfrun.mrte <> - system-wide mode is 0
33 [140624904840896] INFO perfrun.mrte <> - Getting  mrte profiling environment ...
38 [140624904840896] INFO perfrun.mrte <> - INTEL_MRTE_DATA_DIR=/home/yigit/Desktop/multicore_project/results/matmul_unrolled_hotspots_threads_4/data.0
38 [140624904840896] INFO perfrun.mrte <> - INTEL_MRTE_HOST_NAME=yigit.home
38 [140624904840896] INFO perfrun.mrte <> - JAVA_TOOL_OPTIONS=-agentlib:amplxe_samplingmrte_javaprof_1.0 -Dsun.boot.library.path=/opt/intel/oneapi/vtune/2025.0/lib32/runtime:/opt/intel/oneapi/vtune/2025.0/lib64/runtime
38 [140624904840896] INFO perfrun.mrte <> - LD_LIBRARY_PATH=/opt/intel/oneapi/vtune/2025.0/lib32/runtime:/opt/intel/oneapi/vtune/2025.0/lib64/runtime:/usr/local/lib:/usr/lib:/usr/local/lib:/usr/lib:
38 [140624904840896] INFO perfrun.mrte <> - CORECLR_ENABLE_PROFILING=1
38 [140624904840896] INFO perfrun.mrte <> - CORECLR_PROFILER={AA5E4821-E3B1-479c-B7FF-5AD047D22CED}
38 [140624904840896] INFO perfrun.mrte <> - CORECLR_PROFILER_PATH=/opt/intel/oneapi/vtune/2025.0/lib64/libamplxe_samplingmrte_clrprof_1.0.so
38 [140624904840896] INFO perfrun.mrte <> - INTEL_MRTE_PROFILER_MODE=mixed
38 [140624904840896] INFO perfrun.mrte <> - Data directory: /home/yigit/Desktop/multicore_project/results/matmul_unrolled_hotspots_threads_4/data.0
38 [140624904840896] INFO perfrun.mrte <> - Mrte plugin is initialized
38 [140624904840896] INFO perfrun.sdk <> - runCmd: /opt/intel/oneapi/vtune/2025.0/bin64/emon -v
39 [140624904840896] INFO perfrun.sdk <> - runCmd started PID 30195
151 [140624904840896] INFO perfrun.emon <> - Extracted TSC Frequency = 2.304e+09 from emon -v
151 [140624904840896] INFO perfrun.metrics <> - PMU type is tigerlake
151 [140624904840896] INFO perfrun.launcher <> - plugin [cuscol] was disabled because it doesn't support the given collection type.
151 [140624904840896] INFO perfrun.launcher <> - plugin [stdsrc] was disabled because it doesn't support the given collection type.
151 [140624904840896] INFO perfrun.launcher <> - plugin [sep] was disabled because it doesn't support the given collection type.
151 [140624904840896] INFO perfrun.launcher <> - plugin [vtsspp] was disabled because it doesn't support the given collection type.
151 [140624904840896] INFO perfrun.launcher <> - plugin [perf] was disabled because it doesn't support the given collection type.
151 [140624904840896] INFO perfrun.launcher <> - plugin [aoclprofile] was disabled because it doesn't support the given collection type.
151 [140624904840896] INFO perfrun.tpss <> - initialize tpss controller
151 [140624904840896] INFO perfrun.tpss <> - configure collection mode: value = cpu:counters:nostack
151 [140624904840896] INFO perfrun.tpss <> - configure collection mode: value = cpu:stack
151 [140624904840896] INFO perfrun.tpss <> - default obj-size-min=1024
151 [140624904840896] INFO perfrun.tpss <> - default hash-table-size=0
151 [140624904840896] INFO perfrun.launcher <> - plugin [media] was disabled because it doesn't support the given collection type.
151 [140624904840896] INFO perfrun.launcher <> - plugin [] was disabled because it doesn't support the given collection type.
151 [140624904840896] INFO perfrun.launcher <> - plugin [] was disabled because it doesn't support the given collection type.
151 [140624904840896] INFO perfrun.launcher <> - plugin [parallelfs] was disabled because it doesn't support the given collection type.
151 [140624904840896] INFO perfrun.launcher <> - plugin [power] was disabled because it doesn't support the given collection type.
151 [140624904840896] INFO perfrun.launcher <> - plugin [] was disabled because it doesn't support the given collection type.
151 [140624904840896] INFO perfrun.launcher <> - plugin [ipmwatch] was disabled because it doesn't support the given collection type.
151 [140624904840896] INFO perfrun.launcher <> - plugin [os_counters] was disabled because it doesn't support the given collection type.
151 [140624904840896] INFO perfrun.launcher <> - plugin [l0_metrics] was disabled because it doesn't support the given collection type.
151 [140625060522944] INFO perfrun.launcher <> - set environment variable: LD_LIBRARY_PATH = /opt/intel/oneapi/vtune/2025.0/lib32/runtime:/opt/intel/oneapi/vtune/2025.0/lib64/runtime:/usr/local/lib:/usr/lib:/usr/local/lib:/usr/lib:
151 [140625060522944] INFO perfrun.launcher <> - set environment variable: INTEL_LIBITTNOTIFY32 = /opt/intel/oneapi/vtune/2025.0/lib32/runtime/libittnotify_collector.so
151 [140625060522944] INFO perfrun.launcher <> - set environment variable: INTEL_LIBITTNOTIFY64 = /opt/intel/oneapi/vtune/2025.0/lib64/runtime/libittnotify_collector.so
151 [140625060522944] INFO perfrun.launcher <> - set environment variable: INTEL_ITTNOTIFY_GROUPS = 
151 [140625060522944] INFO perfrun.launcher <> - set environment variable: INTEL_JIT_PROFILER32 = /opt/intel/oneapi/vtune/2025.0/lib32/runtime/libittnotify_collector.so
151 [140625060522944] INFO perfrun.launcher <> - set environment variable: INTEL_JIT_PROFILER64 = /opt/intel/oneapi/vtune/2025.0/lib64/runtime/libittnotify_collector.so
151 [140625060522944] INFO perfrun.launcher <> - set environment variable: CCL_ITT_LEVEL = 1
151 [140625060522944] INFO perfrun.launcher <> - set environment variable: ENABLE_JITPROFILING = 1
151 [140625060522944] INFO perfrun.launcher <> - set environment variable: CL_CONFIG_USE_VTUNE = True
151 [140625060522944] INFO perfrun.launcher <> - set environment variable: KMP_FORKJOIN_FRAMES = 0
151 [140625060522944] INFO perfrun.launcher <> - set environment variable: KMP_FORKJOIN_FRAMES_MODE = 0
151 [140625060522944] INFO perfrun.launcher <> - set environment variable: INTEL_MRTE_DATA_DIR = /home/yigit/Desktop/multicore_project/results/matmul_unrolled_hotspots_threads_4/data.0
151 [140625060522944] INFO perfrun.launcher <> - set environment variable: INTEL_MRTE_HOST_NAME = yigit.home
151 [140625060522944] INFO perfrun.launcher <> - set environment variable: JAVA_TOOL_OPTIONS = -agentlib:amplxe_samplingmrte_javaprof_1.0 -Dsun.boot.library.path=/opt/intel/oneapi/vtune/2025.0/lib32/runtime:/opt/intel/oneapi/vtune/2025.0/lib64/runtime
151 [140625060522944] INFO perfrun.launcher <> - set environment variable: LD_LIBRARY_PATH = /opt/intel/oneapi/vtune/2025.0/lib32/runtime:/opt/intel/oneapi/vtune/2025.0/lib64/runtime:/usr/local/lib:/usr/lib:/usr/local/lib:/usr/lib:
152 [140625060522944] INFO perfrun.launcher <> - set environment variable: CORECLR_ENABLE_PROFILING = 1
152 [140625060522944] INFO perfrun.launcher <> - set environment variable: CORECLR_PROFILER = {AA5E4821-E3B1-479c-B7FF-5AD047D22CED}
152 [140625060522944] INFO perfrun.launcher <> - set environment variable: CORECLR_PROFILER_PATH = /opt/intel/oneapi/vtune/2025.0/lib64/libamplxe_samplingmrte_clrprof_1.0.so
152 [140625060522944] INFO perfrun.launcher <> - set environment variable: INTEL_MRTE_PROFILER_MODE = mixed
152 [140625060522944] INFO perfrun.launcher <> - RpcServer: run RPC server to handle requests
152 [140625060522944] INFO perfrun.launcher <> - Launcher: command line to start before modification = ./bin/matmul_unrolled 2048 4
152 [140625060522944] INFO perfrun.launcher <> - Launcher: command line to start after modification = /opt/intel/oneapi/vtune/2025.0/bin64/pin -error_file /home/yigit/Desktop/multicore_project/results/matmul_unrolled_hotspots_threads_4/data.0/pinerr.tpsslog -detach_reattach -follow_execv -tool_load_option deepbind -t64 /opt/intel/oneapi/vtune/2025.0/lib64/libtpsstool.so -t /opt/intel/oneapi/vtune/2025.0/lib32/libtpsstool.so -server_name tpss_ipc.30190 -prd_dir /opt/intel/oneapi/vtune/2025.0 -- ./bin/matmul_unrolled 2048 4
152 [140625060522944] INFO perfrun.launcher <> - ProcessCreator object was created
153 [140625060522944] INFO perfrun.launcher <> - Launcher: the process was started in suspend mode
154 [140624904840896] WARN perfrun.system <> - Could not do anything with /sys/kernel/debug/kvm: boost::filesystem::status: Permission denied [system:13]: "/sys/kernel/debug/kvm", at file: vcs/perfrun1/plugins/system/src/trace_writer.cpp:787
155 [140624904840896] WARN perfrun.sdk <> - Failed to find xl binary on any of the system paths: /bin, /sbin, /usr/bin, /usr/sbin., at file: vcs/perfrun1/sdk/src/utils.cpp:205
155 [140624904840896] WARN perfrun.system <> - Could not start ContainerMapping collector, at file: vcs/perfrun1/plugins/system/src/controller.cpp:450
177 [140624904840896] INFO perfrun.vdso <> - Helper runtool '/opt/intel/oneapi/vtune/2025.0/bin32/amplxe-runss -dump-vdso -r /home/yigit/Desktop/multicore_project/results/matmul_unrolled_hotspots_threads_4 --tmp-dir /tmp/amplxe-tmp-yigit' returned 0
217 [140624904840896] INFO perfrun.vdso <> - Helper runtool '/opt/intel/oneapi/vtune/2025.0/bin64/amplxe-runss -dump-vdso -r /home/yigit/Desktop/multicore_project/results/matmul_unrolled_hotspots_threads_4 --tmp-dir /tmp/amplxe-tmp-yigit' returned 0
217 [140624904840896] INFO perfrun.itt <> - start itt controller for pid #30198
218 [140624904840896] INFO perfrun.sdk <> - runCmd: /opt/intel/oneapi/vtune/2025.0/bin64/emon -M
218 [140624904840896] INFO perfrun.sdk <> - runCmd started PID 30205
328 [140624904840896] INFO perfrun.sdk <> - runCmd: /opt/intel/oneapi/vtune/2025.0/bin64/emon -v
328 [140624904840896] INFO perfrun.sdk <> - runCmd started PID 30207
442 [140624904840896] INFO perfrun.sdk <> - runCmd: /opt/intel/oneapi/vtune/2025.0/bin64/sep -dry-run -ec CPU_CLK_UNHALTED.THREAD,CPU_CLK_UNHALTED.REF_TSC:sample:sa=2300000,INST_RETIRED.ANY:sample:sa=2300000,CPU_CLK_UNHALTED.DISTRIBUTED,FP_ARITH_INST_RETIRED.SCALAR_SINGLE,FP_ARITH_INST_RETIRED.128B_PACKED_SINGLE,FP_ARITH_INST_RETIRED.256B_PACKED_SINGLE,FP_ARITH_INST_RETIRED.SCALAR_DOUBLE,FP_ARITH_INST_RETIRED.128B_PACKED_DOUBLE,FP_ARITH_INST_RETIRED.256B_PACKED_DOUBLE,UOPS_EXECUTED.X87,UOPS_RETIRED.SLOTS,UOPS_EXECUTED.THREAD,FP_ARITH_INST_RETIRED.512B_PACKED_DOUBLE,FP_ARITH_INST_RETIRED.512B_PACKED_SINGLE,TOPDOWN.SLOTS:perf_metrics:sample:sa=2000003 -experimental
442 [140624904840896] INFO perfrun.sdk <> - runCmd started PID 30209
551 [140624904840896] INFO perfrun.emon <> - Spawned collector thread
551 [140624804177600] INFO perfrun.sdk <> - runCmd: /opt/intel/oneapi/vtune/2025.0/bin64/emon -u -t 0.050 -l0 -C CPU_CLK_UNHALTED.DISTRIBUTED,CPU_CLK_UNHALTED.REF_TSC,CPU_CLK_UNHALTED.THREAD,FP_ARITH_INST_RETIRED.128B_PACKED_DOUBLE,FP_ARITH_INST_RETIRED.128B_PACKED_SINGLE,FP_ARITH_INST_RETIRED.256B_PACKED_DOUBLE,FP_ARITH_INST_RETIRED.256B_PACKED_SINGLE,FP_ARITH_INST_RETIRED.512B_PACKED_DOUBLE,FP_ARITH_INST_RETIRED.512B_PACKED_SINGLE,FP_ARITH_INST_RETIRED.SCALAR_DOUBLE,FP_ARITH_INST_RETIRED.SCALAR_SINGLE,INST_RETIRED.ANY,TOPDOWN.SLOTS:perf_metrics,UOPS_EXECUTED.THREAD,UOPS_EXECUTED.X87,UOPS_RETIRED.SLOTS -experimental
551 [140624804177600] INFO perfrun.sdk <> - runCmd started PID 30212
815 [140624904840896] INFO perfrun.tpss <> - start tpss controller for pid #30198
865 [140625060522944] INFO perfrun.launcher <> - Launcher: all plugins were started
865 [140625060522944] INFO perfrun.launcher <> - DirectoryMonitor object was created
865 [140625060522944] INFO perfrun.launcher <> - DirectoryMonitor: a callback was added
865 [140625060522944] INFO perfrun.launcher <> - DirectoryMonitor was started with pingTime = 1000
865 [140625060522944] INFO perfrun.launcher <> - DeadlineTimer is going to be constructed
865 [140625060522944] INFO perfrun.launcher <> - DeadlineTimer: a callback was added
871 [140625060522944] INFO perfrun.launcher <> - Launcher: resume the profiled application and  wait its termination or stop command
7542 [140625060522944] INFO perfrun.launcher <> - Launcher: the profiled application was terminated  with exit code = 0
7545 [140624904840896] INFO perfrun.itt <> - detach itt controller
7545 [140624904840896] INFO perfrun.itt <> - detach itt controller done
7545 [140624904840896] INFO perfrun.sdk <> - runCmd: /opt/intel/oneapi/vtune/2025.0/bin64/emon -stop
7545 [140624904840896] INFO perfrun.sdk <> - runCmd started PID 30315
7709 [140624904840896] INFO perfrun.emon <> - EMON collector successfully stopped.

7710 [140624804177600] WARN perfrun.emon_output <> - TimeKeeper: the time is being asked while the time keeper object is armed. This may mean that the time for the last group is getting reused as the time for this group
7710 [140624804177600] INFO perfrun.emon_output <> - Collector process exited successfully
7710 [140624904840896] INFO perfrun.tpss <> - stop tpss controller
7710 [140624904840896] INFO perfrun.sdk <> - De-allocating TMU: /home/yigit/Desktop/multicore_project/results/matmul_unrolled_hotspots_threads_4/data.0/systemcollector-30190-yigit.home.sc
7710 [140624904840896] INFO perfrun.system <> - closed the system trace file: /home/yigit/Desktop/multicore_project/results/matmul_unrolled_hotspots_threads_4/data.0/systemcollector-30190-yigit.home.sc
7711 [140625060522944] INFO perfrun.launcher <> - Launcher: all plugins were stopped.
7711 [140625060522944] INFO perfrun.launcher <> - DeadlineTimer is going to be destroyed
7711 [140625060522944] INFO perfrun.launcher <> - DeadlineTimer was destroyed
7711 [140625060522944] INFO perfrun.launcher <> - DirectoryMonitor object was destroyed
7711 [140625060522944] WARN perfrun.launcher <> - Stop command is ignored because it is received when collection is already stopped, at file: vcs/perfrun1/launcher/src/command_handler.cpp:226
7711 [140625060522944] INFO perfrun.launcher <> - Application exit code: 0
7711 [140625060522944] INFO perfrun.launcher <> - Exit code: 0
