
Running Aligned with 1 threads...
[Aligned] N=2048, threads=1, time=53.076348 sec

 Performance counter stats for '../bin/matmul_aligned 2048 1 64':

     9,646,926,495      L1-dcache-load-misses:u          #   73.91% of all L1-dcache accesses 
    13,052,829,720      L1-dcache-loads:u                                                     
     5,104,972,382      LLC-load-misses:u                #   65.12% of all LL-cache accesses  
     7,839,371,069      LLC-loads:u                                                           

      53.221700302 seconds time elapsed

      53.098020000 seconds user
       0.028904000 seconds sys


Results for 1 threads saved to ../logs/cache_hit_miss_logs/Aligned_cache_misses.log
Running Aligned with 2 threads...
[Aligned] N=2048, threads=2, time=9.422538 sec

 Performance counter stats for '../bin/matmul_aligned 2048 2 64':

     9,491,944,092      L1-dcache-load-misses:u          #   72.72% of all L1-dcache accesses 
    13,052,983,360      L1-dcache-loads:u                                                     
       370,118,010      LLC-load-misses:u                #    4.77% of all LL-cache accesses  
     7,761,963,921      LLC-loads:u                                                           

       9.568522785 seconds time elapsed

      18.827393000 seconds user
       0.107595000 seconds sys


Results for 2 threads saved to ../logs/cache_hit_miss_logs/Aligned_cache_misses.log
Running Aligned with 4 threads...
[Aligned] N=2048, threads=4, time=4.727420 sec

 Performance counter stats for '../bin/matmul_aligned 2048 4 64':

     9,551,771,982      L1-dcache-load-misses:u          #   73.17% of all L1-dcache accesses 
    13,054,187,662      L1-dcache-loads:u                                                     
       170,570,058      LLC-load-misses:u                #    2.19% of all LL-cache accesses  
     7,792,189,441      LLC-loads:u                                                           

       4.884844240 seconds time elapsed

      18.948068000 seconds user
       0.069076000 seconds sys


Results for 4 threads saved to ../logs/cache_hit_miss_logs/Aligned_cache_misses.log
Running Aligned with 8 threads...
[Aligned] N=2048, threads=8, time=2.547302 sec

 Performance counter stats for '../bin/matmul_aligned 2048 8 64':

     9,700,758,211      L1-dcache-load-misses:u          #   74.30% of all L1-dcache accesses 
    13,055,944,221      L1-dcache-loads:u                                                     
        94,269,164      LLC-load-misses:u                #    1.22% of all LL-cache accesses  
     7,748,578,637      LLC-loads:u                                                           

       2.696023308 seconds time elapsed

      19.323676000 seconds user
       0.032872000 seconds sys


Results for 8 threads saved to ../logs/cache_hit_miss_logs/Aligned_cache_misses.log
Running Aligned with 16 threads...
[Aligned] N=2048, threads=16, time=4.721710 sec

 Performance counter stats for '../bin/matmul_aligned 2048 16 64':

    12,009,955,200      L1-dcache-load-misses:u          #   91.95% of all L1-dcache accesses 
    13,061,355,576      L1-dcache-loads:u                                                     
       430,514,325      LLC-load-misses:u                #    5.28% of all LL-cache accesses  
     8,160,976,062      LLC-loads:u                                                           

       4.871906069 seconds time elapsed

      66.043996000 seconds user
       0.181481000 seconds sys


Results for 16 threads saved to ../logs/cache_hit_miss_logs/Aligned_cache_misses.log
