
Running Blocked with 1 threads...
[Blocked] N=2048, threads=1, block_size=64, time=5.101929 sec

 Performance counter stats for '../bin/matmul_blocked 2048 1 64':

     8,680,368,565      L1-dcache-load-misses:u          #   65.76% of all L1-dcache accesses 
    13,199,978,976      L1-dcache-loads:u                                                     
         2,831,577      LLC-load-misses:u                #   33.66% of all LL-cache accesses  
         8,411,334      LLC-loads:u                                                           

       5.250355653 seconds time elapsed

       5.206273000 seconds user
       0.035851000 seconds sys


Results for 1 threads saved to ../logs/cache_hit_miss_logs/Blocked_cache_misses.log
Running Blocked with 2 threads...
[Blocked] N=2048, threads=2, block_size=64, time=2.694934 sec

 Performance counter stats for '../bin/matmul_blocked 2048 2 64':

     8,682,127,022      L1-dcache-load-misses:u          #   65.77% of all L1-dcache accesses 
    13,200,427,140      L1-dcache-loads:u                                                     
         2,222,201      LLC-load-misses:u                #   26.79% of all LL-cache accesses  
         8,295,452      LLC-loads:u                                                           

       2.837781133 seconds time elapsed

       5.491784000 seconds user
       0.031883000 seconds sys


Results for 2 threads saved to ../logs/cache_hit_miss_logs/Blocked_cache_misses.log
Running Blocked with 4 threads...
[Blocked] N=2048, threads=4, block_size=64, time=1.381043 sec

 Performance counter stats for '../bin/matmul_blocked 2048 4 64':

     8,681,576,988      L1-dcache-load-misses:u          #   65.77% of all L1-dcache accesses 
    13,200,776,156      L1-dcache-loads:u                                                     
           334,542      LLC-load-misses:u                #    4.72% of all LL-cache accesses  
         7,094,800      LLC-loads:u                                                           

       1.525869665 seconds time elapsed

       5.641136000 seconds user
       0.029907000 seconds sys


Results for 4 threads saved to ../logs/cache_hit_miss_logs/Blocked_cache_misses.log
Running Blocked with 8 threads...
[Blocked] N=2048, threads=8, block_size=64, time=0.864003 sec

 Performance counter stats for '../bin/matmul_blocked 2048 8 64':

     8,684,178,153      L1-dcache-load-misses:u          #   65.78% of all L1-dcache accesses 
    13,202,785,936      L1-dcache-loads:u                                                     
           230,095      LLC-load-misses:u                #    3.11% of all LL-cache accesses  
         7,409,493      LLC-loads:u                                                           

       1.008887733 seconds time elapsed

       7.037232000 seconds user
       0.031899000 seconds sys


Results for 8 threads saved to ../logs/cache_hit_miss_logs/Blocked_cache_misses.log
Running Blocked with 16 threads...
[Blocked] N=2048, threads=16, block_size=64, time=0.776079 sec

 Performance counter stats for '../bin/matmul_blocked 2048 16 64':

     8,831,728,308      L1-dcache-load-misses:u          #   66.87% of all L1-dcache accesses 
    13,206,610,469      L1-dcache-loads:u                                                     
           534,257      LLC-load-misses:u                #    3.13% of all LL-cache accesses  
        17,064,069      LLC-loads:u                                                           

       0.921772666 seconds time elapsed

      12.294560000 seconds user
       0.055637000 seconds sys


Results for 16 threads saved to ../logs/cache_hit_miss_logs/Blocked_cache_misses.log
