
Running Unrolled with 1 threads...
[Unrolled] N=2048, threads=1, time=59.351057 sec

 Performance counter stats for '../bin/matmul_unrolled 2048 1 64':

     9,922,725,471      L1-dcache-load-misses:u          #   57.10% of all L1-dcache accesses 
    17,377,178,648      L1-dcache-loads:u                                                     
     4,374,575,743      LLC-load-misses:u                #   58.91% of all LL-cache accesses  
     7,426,421,579      LLC-loads:u                                                           

      59.503866382 seconds time elapsed

      59.266882000 seconds user
       0.043657000 seconds sys


Results for 1 threads saved to ../logs/cache_hit_miss_logs/Unrolled_cache_misses.log
Running Unrolled with 2 threads...
[Unrolled] N=2048, threads=2, time=16.209923 sec

 Performance counter stats for '../bin/matmul_unrolled 2048 2 64':

    10,002,018,665      L1-dcache-load-misses:u          #   57.56% of all L1-dcache accesses 
    17,377,312,818      L1-dcache-loads:u                                                     
       717,451,432      LLC-load-misses:u                #    9.64% of all LL-cache accesses  
     7,443,627,955      LLC-loads:u                                                           

      16.374288708 seconds time elapsed

      32.355323000 seconds user
       0.071165000 seconds sys


Results for 2 threads saved to ../logs/cache_hit_miss_logs/Unrolled_cache_misses.log
Running Unrolled with 4 threads...
[Unrolled] N=2048, threads=4, time=5.907126 sec

 Performance counter stats for '../bin/matmul_unrolled 2048 4 64':

     9,699,100,940      L1-dcache-load-misses:u          #   55.81% of all L1-dcache accesses 
    17,377,613,705      L1-dcache-loads:u                                                     
       259,475,186      LLC-load-misses:u                #    3.57% of all LL-cache accesses  
     7,260,087,875      LLC-loads:u                                                           

       6.054104942 seconds time elapsed

      23.664222000 seconds user
       0.036791000 seconds sys


Results for 4 threads saved to ../logs/cache_hit_miss_logs/Unrolled_cache_misses.log
Running Unrolled with 8 threads...
[Unrolled] N=2048, threads=8, time=2.458972 sec

 Performance counter stats for '../bin/matmul_unrolled 2048 8 64':

     9,708,252,714      L1-dcache-load-misses:u          #   55.86% of all L1-dcache accesses 
    17,380,077,028      L1-dcache-loads:u                                                     
        88,757,206      LLC-load-misses:u                #    1.17% of all LL-cache accesses  
     7,574,446,744      LLC-loads:u                                                           

       2.610719493 seconds time elapsed

      18.550583000 seconds user
       0.035798000 seconds sys


Results for 8 threads saved to ../logs/cache_hit_miss_logs/Unrolled_cache_misses.log
Running Unrolled with 16 threads...
[Unrolled] N=2048, threads=16, time=4.815589 sec

 Performance counter stats for '../bin/matmul_unrolled 2048 16 64':

    12,077,856,921      L1-dcache-load-misses:u          #   69.48% of all L1-dcache accesses 
    17,384,127,043      L1-dcache-loads:u                                                     
       401,890,206      LLC-load-misses:u                #    4.82% of all LL-cache accesses  
     8,343,700,228      LLC-loads:u                                                           

       4.963776636 seconds time elapsed

      73.300188000 seconds user
       0.310764000 seconds sys


Results for 16 threads saved to ../logs/cache_hit_miss_logs/Unrolled_cache_misses.log
